2026-04-18 19:38:39,651 - ERROR - Необработанное исключение: TeamDoesNotExist: <Model: Team> instance matching query does not exist:
SQL: SELECT `t1`.`id`, `t1`.`team_name`, `t1`.`region`, `t1`.`coach_team`, `t1`.`r_sum`, `t1`.`title_id`, `t1`.`id_pl1`, `t1`.`r_pl1`, `t1`.`id_pl2`, `t1`.`r_pl2`, `t1`.`id_pl3`, `t1`.`r_pl3`, `t1`.`id_pl4`, `t1`.`r_pl4`, `t1`.`id_pl5`, `t1`.`r_pl5`, `t1`.`team_full` FROM `teams` AS `t1` WHERE ((`t1`.`title_id` = %s) AND (`t1`.`team_full` = %s)) LIMIT %s OFFSET %s
Params: [78, 'Нижегородец', 1, 0]
2026-04-18 19:38:39,652 - ERROR - Трассировка стека:
Traceback (most recent call last):
  File "C:\Users\Alex\Competitions_TT_team\venv\Lib\site-packages\peewee.py", line 7501, in get
    return clone.execute(database)[0]
           ~~~~~~~~~~~~~~~~~~~~~~~^^^
  File "C:\Users\Alex\Competitions_TT_team\venv\Lib\site-packages\peewee.py", line 4744, in __getitem__
    return self.row_cache[item]
           ~~~~~~~~~~~~~~^^^^^^
IndexError: list index out of range

During handling of the above exception, another exception occurred:

Traceback (most recent call last):
  File "c:\Users\Alex\Competitions_TT_team\main.py", line 6123, in view
    view_file = made_pdf_table_for_view(sender)
  File "c:\Users\Alex\Competitions_TT_team\main.py", line 8636, in made_pdf_table_for_view
    setka_8_full_made(fin)
    ~~~~~~~~~~~~~~~~~^^^^^
  File "c:\Users\Alex\Competitions_TT_team\main.py", line 18253, in setka_8_full_made
    tds = write_in_setka(data, fin, first_mesto, table)
  File "c:\Users\Alex\Competitions_TT_team\main.py", line 20451, in write_in_setka
    all_list = setka_data(stage, posev_data)
  File "c:\Users\Alex\Competitions_TT_team\main.py", line 21171, in setka_data
    name_list = full_team_id(family) # словарь {name: команда/город, id: номер игрока}, {name: фамилия, id: номер мгрока}
  File "c:\Users\Alex\Competitions_TT_team\main.py", line 21232, in full_team_id
    teams_id = teams.select().where(Team.team_full == family).get()
  File "C:\Users\Alex\Competitions_TT_team\venv\Lib\site-packages\peewee.py", line 7504, in get
    raise self.model.DoesNotExist('%s instance matching query does '
                                  'not exist:\nSQL: %s\nParams: %s' %
                                  (clone.model, sql, params))
models.TeamDoesNotExist: <Model: Team> instance matching query does not exist:
SQL: SELECT `t1`.`id`, `t1`.`team_name`, `t1`.`region`, `t1`.`coach_team`, `t1`.`r_sum`, `t1`.`title_id`, `t1`.`id_pl1`, `t1`.`r_pl1`, `t1`.`id_pl2`, `t1`.`r_pl2`, `t1`.`id_pl3`, `t1`.`r_pl3`, `t1`.`id_pl4`, `t1`.`r_pl4`, `t1`.`id_pl5`, `t1`.`r_pl5`, `t1`.`team_full` FROM `teams` AS `t1` WHERE ((`t1`.`title_id` = %s) AND (`t1`.`team_full` = %s)) LIMIT %s OFFSET %s
Params: [78, 'Нижегородец', 1, 0]
