2026-04-22 22:11:15,379 - ERROR - Необработанное исключение: AttributeError: 'ManualChoiceDialog' object has no attribute 'placed_count_label'
2026-04-22 22:11:15,380 - ERROR - Трассировка стека:
Traceback (most recent call last):
  File "c:\Users\Alex\Competitions_TT_team\main.py", line 1133, in choice
    posev_data = player_choice_in_setka(fin)
  File "c:\Users\Alex\Competitions_TT_team\main.py", line 24280, in player_choice_in_setka
    posev = choice_setka_automat(fin, flag, count_exit)
  File "c:\Users\Alex\Competitions_TT_team\main.py", line 11661, in choice_setka_automat
    num_id_player = my_win.start_draw(full_posev, count_exit, free_num, posevs_num, nums)
  File "c:\Users\Alex\Competitions_TT_team\main.py", line 314, in start_draw
    result = choice_net_manual(full_posev, count_exit, free_num, posevs_num, nums)
  File "c:\Users\Alex\Competitions_TT_team\main.py", line 13171, in choice_net_manual
    dialog = ManualChoiceDialog()
  File "c:\Users\Alex\Competitions_TT_team\main.py", line 12512, in __init__
    self.init_ui()
    ~~~~~~~~~~~~^^
  File "c:\Users\Alex\Competitions_TT_team\main.py", line 12680, in init_ui
    self.update_team_list()
    ~~~~~~~~~~~~~~~~~~~~~^^
  File "c:\Users\Alex\Competitions_TT_team\main.py", line 12941, in update_team_list
    self.placed_count_label.setText(str(placed))
    ^^^^^^^^^^^^^^^^^^^^^^^
AttributeError: 'ManualChoiceDialog' object has no attribute 'placed_count_label'
