2026-04-06 21:50:20,857 - ERROR - Необработанное исключение: AttributeError: 'MainWindow' object has no attribute 'textEdit'
2026-04-06 21:50:20,858 - ERROR - Трассировка стека:
Traceback (most recent call last):
  File "c:\Users\Alex\Competitions_TT\main.py", line 2801, in find_in_rlist
    my_win.textEdit.clear()
    ^^^^^^^^^^^^^^^
AttributeError: 'MainWindow' object has no attribute 'textEdit'
2026-04-06 21:50:21,216 - ERROR - Необработанное исключение: AttributeError: 'MainWindow' object has no attribute 'textEdit'
2026-04-06 21:50:21,218 - ERROR - Трассировка стека:
Traceback (most recent call last):
  File "c:\Users\Alex\Competitions_TT\main.py", line 2801, in find_in_rlist
    my_win.textEdit.clear()
    ^^^^^^^^^^^^^^^
AttributeError: 'MainWindow' object has no attribute 'textEdit'
2026-04-06 21:50:21,576 - ERROR - Необработанное исключение: AttributeError: 'MainWindow' object has no attribute 'textEdit'
2026-04-06 21:50:21,576 - ERROR - Трассировка стека:
Traceback (most recent call last):
  File "c:\Users\Alex\Competitions_TT\main.py", line 2801, in find_in_rlist
    my_win.textEdit.clear()
    ^^^^^^^^^^^^^^^
AttributeError: 'MainWindow' object has no attribute 'textEdit'
2026-04-06 21:50:23,736 - ERROR - Необработанное исключение: AttributeError: 'MainWindow' object has no attribute 'textEdit'
2026-04-06 21:50:23,736 - ERROR - Трассировка стека:
Traceback (most recent call last):
  File "c:\Users\Alex\Competitions_TT\main.py", line 2801, in find_in_rlist
    my_win.textEdit.clear()
    ^^^^^^^^^^^^^^^
AttributeError: 'MainWindow' object has no attribute 'textEdit'
2026-04-06 21:50:23,916 - ERROR - Необработанное исключение: AttributeError: 'MainWindow' object has no attribute 'textEdit'
2026-04-06 21:50:23,917 - ERROR - Трассировка стека:
Traceback (most recent call last):
  File "c:\Users\Alex\Competitions_TT\main.py", line 2801, in find_in_rlist
    my_win.textEdit.clear()
    ^^^^^^^^^^^^^^^
AttributeError: 'MainWindow' object has no attribute 'textEdit'
2026-04-06 21:50:24,096 - ERROR - Необработанное исключение: AttributeError: 'MainWindow' object has no attribute 'textEdit'
2026-04-06 21:50:24,096 - ERROR - Трассировка стека:
Traceback (most recent call last):
  File "c:\Users\Alex\Competitions_TT\main.py", line 2801, in find_in_rlist
    my_win.textEdit.clear()
    ^^^^^^^^^^^^^^^
AttributeError: 'MainWindow' object has no attribute 'textEdit'
2026-04-06 21:50:25,836 - ERROR - Необработанное исключение: AttributeError: 'MainWindow' object has no attribute 'textEdit'
2026-04-06 21:50:25,836 - ERROR - Трассировка стека:
Traceback (most recent call last):
  File "c:\Users\Alex\Competitions_TT\main.py", line 2801, in find_in_rlist
    my_win.textEdit.clear()
    ^^^^^^^^^^^^^^^
AttributeError: 'MainWindow' object has no attribute 'textEdit'
2026-04-06 21:50:26,016 - ERROR - Необработанное исключение: AttributeError: 'MainWindow' object has no attribute 'textEdit'
2026-04-06 21:50:26,016 - ERROR - Трассировка стека:
Traceback (most recent call last):
  File "c:\Users\Alex\Competitions_TT\main.py", line 2801, in find_in_rlist
    my_win.textEdit.clear()
    ^^^^^^^^^^^^^^^
AttributeError: 'MainWindow' object has no attribute 'textEdit'
2026-04-06 21:50:52,445 - ERROR - Необработанное исключение: AttributeError: 'MainWindow' object has no attribute 'textEdit'
2026-04-06 21:50:52,445 - ERROR - Трассировка стека:
Traceback (most recent call last):
  File "c:\Users\Alex\Competitions_TT\main.py", line 2801, in find_in_rlist
    my_win.textEdit.clear()
    ^^^^^^^^^^^^^^^
AttributeError: 'MainWindow' object has no attribute 'textEdit'
2026-04-06 21:50:52,596 - ERROR - Необработанное исключение: AttributeError: 'MainWindow' object has no attribute 'textEdit'
2026-04-06 21:50:52,597 - ERROR - Трассировка стека:
Traceback (most recent call last):
  File "c:\Users\Alex\Competitions_TT\main.py", line 2801, in find_in_rlist
    my_win.textEdit.clear()
    ^^^^^^^^^^^^^^^
AttributeError: 'MainWindow' object has no attribute 'textEdit'
