2026-04-16 21:15:10,530 - ERROR - Необработанное исключение: OperationalError: (1054, "Unknown column 't1.team_full' in 'field list'")
2026-04-16 21:15:10,530 - ERROR - Трассировка стека:
Traceback (most recent call last):
  File "C:\Users\Alex\Competitions_TT_team\venv\Lib\site-packages\peewee.py", line 3352, in execute_sql
    cursor.execute(sql, params or ())
    ~~~~~~~~~~~~~~^^^^^^^^^^^^^^^^^^^
  File "C:\Users\Alex\Competitions_TT_team\venv\Lib\site-packages\pymysql\cursors.py", line 153, in execute
    result = self._query(query)
  File "C:\Users\Alex\Competitions_TT_team\venv\Lib\site-packages\pymysql\cursors.py", line 322, in _query
    conn.query(q)
    ~~~~~~~~~~^^^
  File "C:\Users\Alex\Competitions_TT_team\venv\Lib\site-packages\pymysql\connections.py", line 575, in query
    self._affected_rows = self._read_query_result(unbuffered=unbuffered)
                          ~~~~~~~~~~~~~~~~~~~~~~~^^^^^^^^^^^^^^^^^^^^^^^
  File "C:\Users\Alex\Competitions_TT_team\venv\Lib\site-packages\pymysql\connections.py", line 826, in _read_query_result
    result.read()
    ~~~~~~~~~~~^^
  File "C:\Users\Alex\Competitions_TT_team\venv\Lib\site-packages\pymysql\connections.py", line 1203, in read
    first_packet = self.connection._read_packet()
  File "C:\Users\Alex\Competitions_TT_team\venv\Lib\site-packages\pymysql\connections.py", line 782, in _read_packet
    packet.raise_for_error()
    ~~~~~~~~~~~~~~~~~~~~~~^^
  File "C:\Users\Alex\Competitions_TT_team\venv\Lib\site-packages\pymysql\protocol.py", line 219, in raise_for_error
    err.raise_mysql_exception(self._data)
    ~~~~~~~~~~~~~~~~~~~~~~~~~^^^^^^^^^^^^
  File "C:\Users\Alex\Competitions_TT_team\venv\Lib\site-packages\pymysql\err.py", line 150, in raise_mysql_exception
    raise errorclass(errno, errval)
pymysql.err.OperationalError: (1054, "Unknown column 't1.team_full' in 'field list'")

During handling of the above exception, another exception occurred:

Traceback (most recent call last):
  File "c:\Users\Alex\Competitions_TT_team\main.py", line 4484, in tool_page
    page()
    ~~~~^^
  File "c:\Users\Alex\Competitions_TT_team\main.py", line 4548, in page
    count = len(teams)
  File "C:\Users\Alex\Competitions_TT_team\venv\Lib\site-packages\peewee.py", line 2155, in __len__
    self._ensure_execution()
    ~~~~~~~~~~~~~~~~~~~~~~^^
  File "C:\Users\Alex\Competitions_TT_team\venv\Lib\site-packages\peewee.py", line 2137, in _ensure_execution
    self.execute()
    ~~~~~~~~~~~~^^
  File "C:\Users\Alex\Competitions_TT_team\venv\Lib\site-packages\peewee.py", line 2054, in inner
    return method(self, database, *args, **kwargs)
  File "C:\Users\Alex\Competitions_TT_team\venv\Lib\site-packages\peewee.py", line 2125, in execute
    return self._execute(database)
           ~~~~~~~~~~~~~^^^^^^^^^^
  File "C:\Users\Alex\Competitions_TT_team\venv\Lib\site-packages\peewee.py", line 2297, in _execute
    cursor = database.execute(self)
  File "C:\Users\Alex\Competitions_TT_team\venv\Lib\site-packages\peewee.py", line 3358, in execute
    return self.execute_sql(sql, params)
           ~~~~~~~~~~~~~~~~^^^^^^^^^^^^^
  File "C:\Users\Alex\Competitions_TT_team\venv\Lib\site-packages\peewee.py", line 3350, in execute_sql
    with __exception_wrapper__:
         ^^^^^^^^^^^^^^^^^^^^^
  File "C:\Users\Alex\Competitions_TT_team\venv\Lib\site-packages\peewee.py", line 3121, in __exit__
    reraise(new_type, new_type(exc_value, *exc_args), traceback)
    ~~~~~~~^^^^^^^^^^^^^^^^^^^^^^^^^^^^^^^^^^^^^^^^^^^^^^^^^^^^^
  File "C:\Users\Alex\Competitions_TT_team\venv\Lib\site-packages\peewee.py", line 164, in reraise
    raise value.with_traceback(tb)
  File "C:\Users\Alex\Competitions_TT_team\venv\Lib\site-packages\peewee.py", line 3352, in execute_sql
    cursor.execute(sql, params or ())
    ~~~~~~~~~~~~~~^^^^^^^^^^^^^^^^^^^
  File "C:\Users\Alex\Competitions_TT_team\venv\Lib\site-packages\pymysql\cursors.py", line 153, in execute
    result = self._query(query)
  File "C:\Users\Alex\Competitions_TT_team\venv\Lib\site-packages\pymysql\cursors.py", line 322, in _query
    conn.query(q)
    ~~~~~~~~~~^^^
  File "C:\Users\Alex\Competitions_TT_team\venv\Lib\site-packages\pymysql\connections.py", line 575, in query
    self._affected_rows = self._read_query_result(unbuffered=unbuffered)
                          ~~~~~~~~~~~~~~~~~~~~~~~^^^^^^^^^^^^^^^^^^^^^^^
  File "C:\Users\Alex\Competitions_TT_team\venv\Lib\site-packages\pymysql\connections.py", line 826, in _read_query_result
    result.read()
    ~~~~~~~~~~~^^
  File "C:\Users\Alex\Competitions_TT_team\venv\Lib\site-packages\pymysql\connections.py", line 1203, in read
    first_packet = self.connection._read_packet()
  File "C:\Users\Alex\Competitions_TT_team\venv\Lib\site-packages\pymysql\connections.py", line 782, in _read_packet
    packet.raise_for_error()
    ~~~~~~~~~~~~~~~~~~~~~~^^
  File "C:\Users\Alex\Competitions_TT_team\venv\Lib\site-packages\pymysql\protocol.py", line 219, in raise_for_error
    err.raise_mysql_exception(self._data)
    ~~~~~~~~~~~~~~~~~~~~~~~~~^^^^^^^^^^^^
  File "C:\Users\Alex\Competitions_TT_team\venv\Lib\site-packages\pymysql\err.py", line 150, in raise_mysql_exception
    raise errorclass(errno, errval)
peewee.OperationalError: (1054, "Unknown column 't1.team_full' in 'field list'")
2026-04-16 21:23:16,767 - ERROR - Необработанное исключение: Choice_TeamDoesNotExist: <Model: Choice_Team> instance matching query does not exist:
SQL: SELECT `t1`.`id`, `t1`.`team_choice_id`, `t1`.`team_name`, `t1`.`team_region`, `t1`.`team_coach`, `t1`.`rank`, `t1`.`basic`, `t1`.`group`, `t1`.`posev_group`, `t1`.`mesto_group`, `t1`.`final`, `t1`.`posev_final`, `t1`.`mesto_final`, `t1`.`title_id`, `t1`.`team_full` FROM `choice_teams` AS `t1` WHERE ((`t1`.`title_id` = %s) AND (`t1`.`team_choice_id` = %s)) ORDER BY `t1`.`rank` LIMIT %s OFFSET %s
Params: [80, 17, 1, 0]
2026-04-16 21:23:16,785 - ERROR - Трассировка стека:
Traceback (most recent call last):
  File "C:\Users\Alex\Competitions_TT_team\venv\Lib\site-packages\peewee.py", line 7501, in get
    return clone.execute(database)[0]
           ~~~~~~~~~~~~~~~~~~~~~~~^^^
  File "C:\Users\Alex\Competitions_TT_team\venv\Lib\site-packages\peewee.py", line 4744, in __getitem__
    return self.row_cache[item]
           ~~~~~~~~~~~~~~^^^^^^
IndexError: list index out of range

During handling of the above exception, another exception occurred:

Traceback (most recent call last):
  File "c:\Users\Alex\Competitions_TT_team\main.py", line 992, in choice
    posev_data = player_choice_in_setka(fin)
  File "c:\Users\Alex\Competitions_TT_team\main.py", line 22254, in player_choice_in_setka
    posev = choice_setka_automat(fin, flag, count_exit)
  File "c:\Users\Alex\Competitions_TT_team\main.py", line 11849, in choice_setka_automat
    choice_final = choice_posev.select().where(Choice_Team.team_choice_id == team_id).get()
  File "C:\Users\Alex\Competitions_TT_team\venv\Lib\site-packages\peewee.py", line 7504, in get
    raise self.model.DoesNotExist('%s instance matching query does '
                                  'not exist:\nSQL: %s\nParams: %s' %
                                  (clone.model, sql, params))
models.Choice_TeamDoesNotExist: <Model: Choice_Team> instance matching query does not exist:
SQL: SELECT `t1`.`id`, `t1`.`team_choice_id`, `t1`.`team_name`, `t1`.`team_region`, `t1`.`team_coach`, `t1`.`rank`, `t1`.`basic`, `t1`.`group`, `t1`.`posev_group`, `t1`.`mesto_group`, `t1`.`final`, `t1`.`posev_final`, `t1`.`mesto_final`, `t1`.`title_id`, `t1`.`team_full` FROM `choice_teams` AS `t1` WHERE ((`t1`.`title_id` = %s) AND (`t1`.`team_choice_id` = %s)) ORDER BY `t1`.`rank` LIMIT %s OFFSET %s
Params: [80, 17, 1, 0]
