2026-04-22 10:57:54,677 - ERROR - Необработанное исключение: AttributeError: 'Player' object has no attribute 'team_name'
2026-04-22 10:57:54,678 - ERROR - Трассировка стека:
Traceback (most recent call last):
  File "c:\Users\Alex_SSHOR13\Competitions_TT_team\main.py", line 1160, in choice
    posev_data = player_choice_in_setka(fin)
                 ^^^^^^^^^^^^^^^^^^^^^^^^^^^
  File "c:\Users\Alex_SSHOR13\Competitions_TT_team\main.py", line 23702, in player_choice_in_setka
    posev = choice_setka_automat(fin, flag, count_exit)
            ^^^^^^^^^^^^^^^^^^^^^^^^^^^^^^^^^^^^^^^^^^^
  File "c:\Users\Alex_SSHOR13\Competitions_TT_team\main.py", line 11663, in choice_setka_automat
    num_id_player = my_win.start_draw(full_posev, count_exit, free_num, posevs_num, nums)
                    ^^^^^^^^^^^^^^^^^^^^^^^^^^^^^^^^^^^^^^^^^^^^^^^^^^^^^^^^^^^^^^^^^^^^^
  File "c:\Users\Alex_SSHOR13\Competitions_TT_team\main.py", line 314, in start_draw
    result = choice_net_manual(full_posev, count_exit, free_num, posevs_num, nums)
             ^^^^^^^^^^^^^^^^^^^^^^^^^^^^^^^^^^^^^^^^^^^^^^^^^^^^^^^^^^^^^^^^^^^^^
  File "c:\Users\Alex_SSHOR13\Competitions_TT_team\main.py", line 12485, in choice_net_manual
    dialog = ManualChoiceDialog()
             ^^^^^^^^^^^^^^^^^^^^
  File "c:\Users\Alex_SSHOR13\Competitions_TT_team\main.py", line 11747, in __init__
    self.init_ui()
  File "c:\Users\Alex_SSHOR13\Competitions_TT_team\main.py", line 11993, in init_ui
    self.update_grid_table()
  File "c:\Users\Alex_SSHOR13\Competitions_TT_team\main.py", line 12289, in update_grid_table
    team_name = teams.team_name
               ^^^^^^^^^^^^^^^
AttributeError: 'Player' object has no attribute 'team_name'
