2026-04-23 19:56:34,859 - ERROR - Необработанное исключение: IndexError: list index out of range
2026-04-23 19:56:34,860 - ERROR - Трассировка стека:
Traceback (most recent call last):
  File "c:\Users\Alex\Competitions_TT_team\main.py", line 13085, in on_cell_clicked
    next_conflict, _ = self.check_region_conflict(next_team, None)
                       ~~~~~~~~~~~~~~~~~~~~~~~~~~^^^^^^^^^^^^^^^^^
  File "c:\Users\Alex\Competitions_TT_team\main.py", line 12581, in check_region_conflict
    'region': placed_team[2],
              ~~~~~~~~~~~^^^
IndexError: list index out of range
2026-04-23 19:56:44,218 - ERROR - Необработанное исключение: IndexError: list index out of range
2026-04-23 19:56:44,218 - ERROR - Трассировка стека:
Traceback (most recent call last):
  File "c:\Users\Alex\Competitions_TT_team\main.py", line 13085, in on_cell_clicked
    next_conflict, _ = self.check_region_conflict(next_team, None)
                       ~~~~~~~~~~~~~~~~~~~~~~~~~~^^^^^^^^^^^^^^^^^
  File "c:\Users\Alex\Competitions_TT_team\main.py", line 12581, in check_region_conflict
    'region': placed_team[2],
              ~~~~~~~~~~~^^^
IndexError: list index out of range
2026-04-23 19:56:53,666 - ERROR - Необработанное исключение: AttributeError: 'NoneType' object has no attribute 'keys'
2026-04-23 19:56:53,675 - ERROR - Трассировка стека:
Traceback (most recent call last):
  File "c:\Users\Alex\Competitions_TT_team\main.py", line 1133, in choice
    posev_data = player_choice_in_setka(fin)
  File "c:\Users\Alex\Competitions_TT_team\main.py", line 24278, in player_choice_in_setka
    posev = choice_setka_automat(fin, flag, count_exit)
  File "c:\Users\Alex\Competitions_TT_team\main.py", line 11645, in choice_setka_automat
    for i in num_id_player.keys():
             ^^^^^^^^^^^^^^^^^^
AttributeError: 'NoneType' object has no attribute 'keys'
