2026-05-05 14:04:03,549 - ERROR - Необработанное исключение: TypeError: '>=' not supported between instances of 'int' and 'NoneType'
2026-05-05 14:04:03,550 - ERROR - Трассировка стека:
Traceback (most recent call last):
  File "c:\Users\Alex\Competitions_TT_team\main.py", line 1029, in choice
    choice_gr_automat(check_flag)
    ~~~~~~~~~~~~~~~~~^^^^^^^^^^^^
  File "c:\Users\Alex\Competitions_TT_team\main.py", line 9982, in choice_gr_automat
    results = choice_group_manual(player_list, group, id_title)
  File "c:\Users\Alex\Competitions_TT_team\manual_choice.py", line 1246, in choice_group_manual
    dialog = ChoiceGroupManual(athletes, num_groups, id_title, parent, existing_data)
  File "c:\Users\Alex\Competitions_TT_team\manual_choice.py", line 115, in __init__
    self.load_existing_draw()
    ~~~~~~~~~~~~~~~~~~~~~~~^^
  File "c:\Users\Alex\Competitions_TT_team\manual_choice.py", line 153, in load_existing_draw
    self.current_group_for_seed = self.find_next_group_for_seed()
                                  ~~~~~~~~~~~~~~~~~~~~~~~~~~~~~^^
  File "c:\Users\Alex\Competitions_TT_team\manual_choice.py", line 401, in find_next_group_for_seed
    if g >= self.current_group_for_seed:
       ^^^^^^^^^^^^^^^^^^^^^^^^^^^^^^^^
TypeError: '>=' not supported between instances of 'int' and 'NoneType'
