2026-04-16 21:24:33,714 - ERROR - Необработанное исключение: Choice_TeamDoesNotExist: <Model: Choice_Team> instance matching query does not exist:
SQL: SELECT `t1`.`id`, `t1`.`team_choice_id`, `t1`.`team_name`, `t1`.`team_region`, `t1`.`team_coach`, `t1`.`rank`, `t1`.`basic`, `t1`.`group`, `t1`.`posev_group`, `t1`.`mesto_group`, `t1`.`final`, `t1`.`posev_final`, `t1`.`mesto_final`, `t1`.`title_id`, `t1`.`team_full` FROM `choice_teams` AS `t1` WHERE ((`t1`.`title_id` = %s) AND (`t1`.`team_choice_id` = %s)) ORDER BY `t1`.`rank` LIMIT %s OFFSET %s
Params: [80, 17, 1, 0]
2026-04-16 21:24:33,743 - ERROR - Трассировка стека:
Traceback (most recent call last):
  File "C:\Users\Alex\Competitions_TT_team\venv\Lib\site-packages\peewee.py", line 7501, in get
    return clone.execute(database)[0]
           ~~~~~~~~~~~~~~~~~~~~~~~^^^
  File "C:\Users\Alex\Competitions_TT_team\venv\Lib\site-packages\peewee.py", line 4744, in __getitem__
    return self.row_cache[item]
           ~~~~~~~~~~~~~~^^^^^^
IndexError: list index out of range

During handling of the above exception, another exception occurred:

Traceback (most recent call last):
  File "c:\Users\Alex\Competitions_TT_team\main.py", line 992, in choice
    posev_data = player_choice_in_setka(fin)
  File "c:\Users\Alex\Competitions_TT_team\main.py", line 22254, in player_choice_in_setka
    posev = choice_setka_automat(fin, flag, count_exit)
  File "c:\Users\Alex\Competitions_TT_team\main.py", line 11849, in choice_setka_automat
    choice_final = choice_posev.select().where(Choice_Team.team_choice_id == team_id).get()
  File "C:\Users\Alex\Competitions_TT_team\venv\Lib\site-packages\peewee.py", line 7504, in get
    raise self.model.DoesNotExist('%s instance matching query does '
                                  'not exist:\nSQL: %s\nParams: %s' %
                                  (clone.model, sql, params))
models.Choice_TeamDoesNotExist: <Model: Choice_Team> instance matching query does not exist:
SQL: SELECT `t1`.`id`, `t1`.`team_choice_id`, `t1`.`team_name`, `t1`.`team_region`, `t1`.`team_coach`, `t1`.`rank`, `t1`.`basic`, `t1`.`group`, `t1`.`posev_group`, `t1`.`mesto_group`, `t1`.`final`, `t1`.`posev_final`, `t1`.`mesto_final`, `t1`.`title_id`, `t1`.`team_full` FROM `choice_teams` AS `t1` WHERE ((`t1`.`title_id` = %s) AND (`t1`.`team_choice_id` = %s)) ORDER BY `t1`.`rank` LIMIT %s OFFSET %s
Params: [80, 17, 1, 0]
