2026-04-14 19:56:33,805 - ERROR - Необработанное исключение: PlayerDoesNotExist: <Model: Player> instance matching query does not exist:
SQL: SELECT `t1`.`id`, `t1`.`player`, `t1`.`bday`, `t1`.`rank`, `t1`.`city`, `t1`.`region`, `t1`.`razryad`, `t1`.`coach_id`, `t1`.`mesto`, `t1`.`fio`, `t1`.`fio_city`, `t1`.`title_id`, `t1`.`pay_rejting`, `t1`.`comment`, `t1`.`coefficient_victories`, `t1`.`total_game_player`, `t1`.`total_win_game`, `t1`.`application`, `t1`.`patronymic_id`, `t1`.`sex` FROM `players` AS `t1` WHERE ((`t1`.`title_id` = %s) AND (`t1`.`fio_city` = %s)) LIMIT %s OFFSET %s
Params: [78, 'Нижегородец', 1, 0]
2026-04-14 19:56:33,808 - ERROR - Трассировка стека:
Traceback (most recent call last):
  File "c:\Users\Alex\Competitions_TT_team\venv\Lib\site-packages\peewee.py", line 7501, in get
    return clone.execute(database)[0]
           ~~~~~~~~~~~~~~~~~~~~~~~^^^
  File "c:\Users\Alex\Competitions_TT_team\venv\Lib\site-packages\peewee.py", line 4744, in __getitem__
    return self.row_cache[item]
           ~~~~~~~~~~~~~~^^^^^^
IndexError: list index out of range

During handling of the above exception, another exception occurred:

Traceback (most recent call last):
  File "c:\Users\Alex\Competitions_TT_team\main.py", line 1013, in choice
    player_in_setka_and_write_Game_list_and_Result(fin, posev_data)
    ~~~~~~~~~~~~~~~~~~~~~~~~~~~~~~~~~~~~~~~~~~~~~~^^^^^^^^^^^^^^^^^
  File "c:\Users\Alex\Competitions_TT_team\main.py", line 6408, in player_in_setka_and_write_Game_list_and_Result
    all_list = setka_data(fin, posev_data)
  File "c:\Users\Alex\Competitions_TT_team\main.py", line 20655, in setka_data
    name_list = full_player_id(family) # словарь {name: фамилия/город, id: номер игрока}, {name: фамилия, id: номер мгрока}
  File "c:\Users\Alex\Competitions_TT_team\main.py", line 20683, in full_player_id
    pl_id = player.select().where(Player.fio_city == family).get()
  File "c:\Users\Alex\Competitions_TT_team\venv\Lib\site-packages\peewee.py", line 7504, in get
    raise self.model.DoesNotExist('%s instance matching query does '
                                  'not exist:\nSQL: %s\nParams: %s' %
                                  (clone.model, sql, params))
models.PlayerDoesNotExist: <Model: Player> instance matching query does not exist:
SQL: SELECT `t1`.`id`, `t1`.`player`, `t1`.`bday`, `t1`.`rank`, `t1`.`city`, `t1`.`region`, `t1`.`razryad`, `t1`.`coach_id`, `t1`.`mesto`, `t1`.`fio`, `t1`.`fio_city`, `t1`.`title_id`, `t1`.`pay_rejting`, `t1`.`comment`, `t1`.`coefficient_victories`, `t1`.`total_game_player`, `t1`.`total_win_game`, `t1`.`application`, `t1`.`patronymic_id`, `t1`.`sex` FROM `players` AS `t1` WHERE ((`t1`.`title_id` = %s) AND (`t1`.`fio_city` = %s)) LIMIT %s OFFSET %s
Params: [78, 'Нижегородец', 1, 0]
