2026-04-17 13:01:33,116 - ERROR - Необработанное исключение: UnboundLocalError: cannot access local variable 'team_name' where it is not associated with a value
2026-04-17 13:01:33,119 - ERROR - Трассировка стека:
Traceback (most recent call last):
  File "c:\Users\Alex\Competitions_TT_team\main.py", line 992, in choice
    posev_data = player_choice_in_setka(fin)
  File "c:\Users\Alex\Competitions_TT_team\main.py", line 22263, in player_choice_in_setka
    posev = choice_setka_automat(fin, flag, count_exit)
  File "c:\Users\Alex\Competitions_TT_team\main.py", line 11822, in choice_setka_automat
    num_id_player = my_win.start_draw(full_posev, count_exit, free_num, posevs_num, nums)
  File "c:\Users\Alex\Competitions_TT_team\main.py", line 314, in start_draw
    result = choice_net_manual(full_posev, count_exit, free_num, posevs_num, nums)
  File "c:\Users\Alex\Competitions_TT_team\main.py", line 12432, in choice_net_manual
    dialog = ManualChoiceDialog()
  File "c:\Users\Alex\Competitions_TT_team\main.py", line 11904, in __init__
    self.init_ui()
    ~~~~~~~~~~~~^^
  File "c:\Users\Alex\Competitions_TT_team\main.py", line 11997, in init_ui
    self.update_grid_table()
    ~~~~~~~~~~~~~~~~~~~~~~^^
  File "c:\Users\Alex\Competitions_TT_team\main.py", line 12296, in update_grid_table
    self.placed_teams[i] = [team_name]
                            ^^^^^^^^^
UnboundLocalError: cannot access local variable 'team_name' where it is not associated with a value
