2026-04-05 16:25:11,153 - ERROR - Необработанное исключение: TitleDoesNotExist: <Model: Title> instance matching query does not exist:
SQL: SELECT `t1`.`id`, `t1`.`name`, `t1`.`sredi`, `t1`.`vozrast`, `t1`.`data_start`, `t1`.`data_end`, `t1`.`mesto`, `t1`.`referee`, `t1`.`kat_ref`, `t1`.`secretary`, `t1`.`kat_sec`, `t1`.`gamer`, `t1`.`full_name_comp`, `t1`.`pdf_comp`, `t1`.`short_name_comp`, `t1`.`tab_enabled`, `t1`.`multiregion`, `t1`.`perenos`, `t1`.`otchestvo`, `t1`.`r_date` FROM `titles` AS `t1` WHERE (((`t1`.`name` = %s) AND (`t1`.`gamer` = %s)) AND (`t1`.`data_start` = %s)) LIMIT %s OFFSET %s
Params: ['2: Региональное соревнованиие "Надежды России"', 'Девочки', datetime.date(2026, 1, 13), 1, 0]
2026-04-05 16:25:11,166 - ERROR - Трассировка стека:
Traceback (most recent call last):
  File "c:\Users\Alex\Competitions_TT\venv\Lib\site-packages\peewee.py", line 7297, in get
    return clone.execute(database)[0]
           ~~~~~~~~~~~~~~~~~~~~~~~^^^
  File "c:\Users\Alex\Competitions_TT\venv\Lib\site-packages\peewee.py", line 4583, in __getitem__
    return self.row_cache[item]
           ~~~~~~~~~~~~~~^^^^^^
IndexError: list index out of range

During handling of the above exception, another exception occurred:

Traceback (most recent call last):
  File "c:\Users\Alex\Competitions_TT\main.py", line 1538, in open
    go_to()
    ~~~~~^^
  File "c:\Users\Alex\Competitions_TT\main.py", line 2430, in go_to
    t = Title.select().where((Title.name == name) & (Title.gamer == gamer) & (Title.data_start == date_str)).get()
  File "c:\Users\Alex\Competitions_TT\venv\Lib\site-packages\peewee.py", line 7300, in get
    raise self.model.DoesNotExist('%s instance matching query does '
                                  'not exist:\nSQL: %s\nParams: %s' %
                                  (clone.model, sql, params))
models.TitleDoesNotExist: <Model: Title> instance matching query does not exist:
SQL: SELECT `t1`.`id`, `t1`.`name`, `t1`.`sredi`, `t1`.`vozrast`, `t1`.`data_start`, `t1`.`data_end`, `t1`.`mesto`, `t1`.`referee`, `t1`.`kat_ref`, `t1`.`secretary`, `t1`.`kat_sec`, `t1`.`gamer`, `t1`.`full_name_comp`, `t1`.`pdf_comp`, `t1`.`short_name_comp`, `t1`.`tab_enabled`, `t1`.`multiregion`, `t1`.`perenos`, `t1`.`otchestvo`, `t1`.`r_date` FROM `titles` AS `t1` WHERE (((`t1`.`name` = %s) AND (`t1`.`gamer` = %s)) AND (`t1`.`data_start` = %s)) LIMIT %s OFFSET %s
Params: ['2: Региональное соревнованиие "Надежды России"', 'Девочки', datetime.date(2026, 1, 13), 1, 0]
