2026-04-16 12:20:12,856 - ERROR - Необработанное исключение: TypeError: choice_net_manual.<locals>.ManualChoiceDialog.get_current_available_numbers() missing 1 required positional argument: 'posevs_num'
2026-04-16 12:20:12,860 - ERROR - Трассировка стека:
Traceback (most recent call last):
  File "c:\Users\Alex\Competitions_TT_team\main.py", line 1004, in choice
    posev_data = player_choice_in_setka(fin)
  File "c:\Users\Alex\Competitions_TT_team\main.py", line 22283, in player_choice_in_setka
    posev = choice_setka_automat(fin, flag, count_exit)
  File "c:\Users\Alex\Competitions_TT_team\main.py", line 11862, in choice_setka_automat
    num_id_player = my_win.start_draw(full_posev, count_exit, free_num, posevs_num, nums)
  File "c:\Users\Alex\Competitions_TT_team\main.py", line 314, in start_draw
    result = choice_net_manual(full_posev, count_exit, free_num, posevs_num, nums)
  File "c:\Users\Alex\Competitions_TT_team\main.py", line 12452, in choice_net_manual
    dialog = ManualChoiceDialog()
  File "c:\Users\Alex\Competitions_TT_team\main.py", line 11941, in __init__
    self.init_ui()
    ~~~~~~~~~~~~^^
  File "c:\Users\Alex\Competitions_TT_team\main.py", line 12034, in init_ui
    self.update_current_available_numbers()
    ~~~~~~~~~~~~~~~~~~~~~~~~~~~~~~~~~~~~~^^
  File "c:\Users\Alex\Competitions_TT_team\main.py", line 11980, in update_current_available_numbers
    self.current_available_numbers = self.get_current_available_numbers()
                                     ~~~~~~~~~~~~~~~~~~~~~~~~~~~~~~~~~~^^
TypeError: choice_net_manual.<locals>.ManualChoiceDialog.get_current_available_numbers() missing 1 required positional argument: 'posevs_num'
