2026-04-23 20:02:30,327 - ERROR - Необработанное исключение: IndexError: list index out of range
2026-04-23 20:02:30,330 - ERROR - Трассировка стека:
Traceback (most recent call last):
  File "c:\Users\Alex\Competitions_TT_team\main.py", line 13085, in on_cell_clicked
    next_conflict, _ = self.check_region_conflict(next_team, None)
                       ~~~~~~~~~~~~~~~~~~~~~~~~~~^^^^^^^^^^^^^^^^^
  File "c:\Users\Alex\Competitions_TT_team\main.py", line 12581, in check_region_conflict
    'region': placed_team[2],
              ~~~~~~~~~~~^^^
IndexError: list index out of range
2026-04-23 20:04:04,229 - ERROR - Необработанное исключение: IndexError: list index out of range
2026-04-23 20:04:04,230 - ERROR - Трассировка стека:
Traceback (most recent call last):
  File "c:\Users\Alex\Competitions_TT_team\main.py", line 13085, in on_cell_clicked
    next_conflict, _ = self.check_region_conflict(next_team, None)
                       ~~~~~~~~~~~~~~~~~~~~~~~~~~^^^^^^^^^^^^^^^^^
  File "c:\Users\Alex\Competitions_TT_team\main.py", line 12581, in check_region_conflict
    'region': placed_team[2],
              ~~~~~~~~~~~^^^
IndexError: list index out of range
