2026-05-04 13:41:04,600 - ERROR - Необработанное исключение: UnboundLocalError: cannot access local variable 'round_sev' where it is not associated with a value
2026-05-04 13:41:04,600 - ERROR - Трассировка стека:
Traceback (most recent call last):
  File "c:\Users\Alex\Competitions_TT_team\manual_choice.py", line 582, in on_cell_clicked
    self.move_to_next_group()
    ~~~~~~~~~~~~~~~~~~~~~~~^^
  File "c:\Users\Alex\Competitions_TT_team\manual_choice.py", line 270, in move_to_next_group
    return round_sev
           ^^^^^^^^^
UnboundLocalError: cannot access local variable 'round_sev' where it is not associated with a value
2026-05-04 13:42:05,855 - ERROR - Необработанное исключение: TypeError: 'NoneType' object is not iterable
2026-05-04 13:42:05,873 - ERROR - Трассировка стека:
Traceback (most recent call last):
  File "c:\Users\Alex\Competitions_TT_team\main.py", line 1027, in choice
    choice_gr_automat()
    ~~~~~~~~~~~~~~~~~^^
  File "c:\Users\Alex\Competitions_TT_team\main.py", line 9983, in choice_gr_automat
    choice_save_manual_group(results)
    ~~~~~~~~~~~~~~~~~~~~~~~~^^^^^^^^^
  File "c:\Users\Alex\Competitions_TT_team\main.py", line 9992, in choice_save_manual_group
    for player in results:
                  ^^^^^^^
TypeError: 'NoneType' object is not iterable
