2026-04-19 15:07:05,986 - ERROR - Необработанное исключение: AttributeError: 'QListWidget' object has no attribute 'setRowHeight'
2026-04-19 15:07:05,986 - ERROR - Трассировка стека:
Traceback (most recent call last):
  File "c:\Users\Alex\Competitions_TT_team\main.py", line 12615, in adjust_sizes
    self.team_list.setRowHeight(i, self.row_height)
    ^^^^^^^^^^^^^^^^^^^^^^^^^^^
AttributeError: 'QListWidget' object has no attribute 'setRowHeight'
2026-04-19 15:07:49,526 - ERROR - Необработанное исключение: IndexError: list index out of range
2026-04-19 15:07:49,528 - ERROR - Трассировка стека:
Traceback (most recent call last):
  File "c:\Users\Alex\Competitions_TT_team\main.py", line 13104, in finish_draw
    result[slot_num] = [team_data[0], team_data[1], team_data[2], team_data[3]]
                                                                  ~~~~~~~~~^^^
IndexError: list index out of range
2026-04-19 15:09:44,735 - ERROR - Необработанное исключение: AttributeError: 'NoneType' object has no attribute 'keys'
2026-04-19 15:09:44,748 - ERROR - Трассировка стека:
Traceback (most recent call last):
  File "c:\Users\Alex\Competitions_TT_team\main.py", line 994, in choice
    posev_data = player_choice_in_setka(fin)
  File "c:\Users\Alex\Competitions_TT_team\main.py", line 23506, in player_choice_in_setka
  File "c:\Users\Alex\Competitions_TT_team\main.py", line 11671, in choice_setka_automat
    for i in num_id_player.keys():
             ^^^^^^^^^^^^^^^^^^
AttributeError: 'NoneType' object has no attribute 'keys'
