2026-04-19 15:32:54,636 - ERROR - Необработанное исключение: AttributeError: 'QListWidget' object has no attribute 'setRowHeight'
2026-04-19 15:32:54,637 - ERROR - Трассировка стека:
Traceback (most recent call last):
  File "c:\Users\Alex\Competitions_TT_team\main.py", line 12608, in adjust_sizes
    self.team_list.setRowHeight(i, row_height)
    ^^^^^^^^^^^^^^^^^^^^^^^^^^^
AttributeError: 'QListWidget' object has no attribute 'setRowHeight'
2026-04-19 15:33:50,054 - ERROR - Необработанное исключение: IndexError: list index out of range
2026-04-19 15:33:50,056 - ERROR - Трассировка стека:
Traceback (most recent call last):
  File "c:\Users\Alex\Competitions_TT_team\main.py", line 13104, in finish_draw
    result[slot_num] = [team_data[1], team_data[2], team_data[3]]
                                                    ~~~~~~~~~^^^
IndexError: list index out of range
2026-04-19 15:35:18,970 - ERROR - Необработанное исключение: AttributeError: 'NoneType' object has no attribute 'keys'
2026-04-19 15:35:18,971 - ERROR - Трассировка стека:
Traceback (most recent call last):
  File "c:\Users\Alex\Competitions_TT_team\main.py", line 994, in choice
    posev_data = player_choice_in_setka(fin)
  File "c:\Users\Alex\Competitions_TT_team\main.py", line 23511, in player_choice_in_setka
    posev = choice_setka_automat(fin, flag, count_exit)
  File "c:\Users\Alex\Competitions_TT_team\main.py", line 11671, in choice_setka_automat
    for i in num_id_player.keys():
             ^^^^^^^^^^^^^^^^^^
AttributeError: 'NoneType' object has no attribute 'keys'
