2026-05-04 11:21:25,871 - ERROR - Необработанное исключение: AttributeError: 'ChoiceGroupManual' object has no attribute 'min_groups'
2026-05-04 11:21:25,872 - ERROR - Трассировка стека:
Traceback (most recent call last):
  File "c:\Users\Alex\Competitions_TT_team\manual_choice.py", line 883, in auto_fill_first
    self.current_group_for_seed = self.find_next_group_for_seed()
                                  ~~~~~~~~~~~~~~~~~~~~~~~~~~~~~^^
  File "c:\Users\Alex\Competitions_TT_team\manual_choice.py", line 239, in find_next_group_for_seed
    count_min_groups = len(self.min_groups)
                           ^^^^^^^^^^^^^^^
AttributeError: 'ChoiceGroupManual' object has no attribute 'min_groups'. Did you mean: 'init_groups'?
2026-05-04 11:21:40,803 - ERROR - Необработанное исключение: AttributeError: 'ChoiceGroupManual' object has no attribute 'min_groups'
2026-05-04 11:21:40,805 - ERROR - Трассировка стека:
Traceback (most recent call last):
  File "c:\Users\Alex\Competitions_TT_team\manual_choice.py", line 546, in on_cell_clicked
    self.move_to_next_group()
    ~~~~~~~~~~~~~~~~~~~~~~~^^
  File "c:\Users\Alex\Competitions_TT_team\manual_choice.py", line 257, in move_to_next_group
    next_group = self.find_next_group_for_seed()
  File "c:\Users\Alex\Competitions_TT_team\manual_choice.py", line 239, in find_next_group_for_seed
    count_min_groups = len(self.min_groups)
                           ^^^^^^^^^^^^^^^
AttributeError: 'ChoiceGroupManual' object has no attribute 'min_groups'. Did you mean: 'init_groups'?
