2026-04-22 13:24:55,076 - ERROR - Необработанное исключение: AttributeError: 'ManualChoiceDialog' object has no attribute 'progress_label'
2026-04-22 13:24:55,079 - ERROR - Трассировка стека:
Traceback (most recent call last):
  File "c:\Users\Alex_SSHOR13\Competitions_TT_team\main.py", line 1135, in choice
    posev_data = player_choice_in_setka(fin)
                 ^^^^^^^^^^^^^^^^^^^^^^^^^^^
  File "c:\Users\Alex_SSHOR13\Competitions_TT_team\main.py", line 23705, in player_choice_in_setka
    posev = choice_setka_automat(fin, flag, count_exit)
            ^^^^^^^^^^^^^^^^^^^^^^^^^^^^^^^^^^^^^^^^^^^
  File "c:\Users\Alex_SSHOR13\Competitions_TT_team\main.py", line 11663, in choice_setka_automat
    num_id_player = my_win.start_draw(full_posev, count_exit, free_num, posevs_num, nums)
                    ^^^^^^^^^^^^^^^^^^^^^^^^^^^^^^^^^^^^^^^^^^^^^^^^^^^^^^^^^^^^^^^^^^^^^
  File "c:\Users\Alex_SSHOR13\Competitions_TT_team\main.py", line 314, in start_draw
    result = choice_net_manual(full_posev, count_exit, free_num, posevs_num, nums)
             ^^^^^^^^^^^^^^^^^^^^^^^^^^^^^^^^^^^^^^^^^^^^^^^^^^^^^^^^^^^^^^^^^^^^^
  File "c:\Users\Alex_SSHOR13\Competitions_TT_team\main.py", line 12487, in choice_net_manual
    dialog = ManualChoiceDialog()
             ^^^^^^^^^^^^^^^^^^^^
  File "c:\Users\Alex_SSHOR13\Competitions_TT_team\main.py", line 11747, in __init__
    self.init_ui()
  File "c:\Users\Alex_SSHOR13\Competitions_TT_team\main.py", line 11993, in init_ui
    self.update_team_list(posevs_num)
  File "c:\Users\Alex_SSHOR13\Competitions_TT_team\main.py", line 12243, in update_team_list
    self.progress_label.setText(f"{progress}%")
    ^^^^^^^^^^^^^^^^^^^
AttributeError: 'ManualChoiceDialog' object has no attribute 'progress_label'
