2026-05-04 12:35:26,857 - ERROR - Необработанное исключение: RuntimeError: wrapped C/C++ object of type QLabel has been deleted
2026-05-04 12:35:26,861 - ERROR - Трассировка стека:
Traceback (most recent call last):
  File "c:\Users\Alex\Competitions_TT_team\main.py", line 1027, in choice
    choice_gr_automat()
    ~~~~~~~~~~~~~~~~~^^
  File "c:\Users\Alex\Competitions_TT_team\main.py", line 9979, in choice_gr_automat
    results = choice_group_manual(player_list, group)
  File "c:\Users\Alex\Competitions_TT_team\manual_choice.py", line 1015, in choice_group_manual
    dialog = ChoiceGroupManual(athletes, num_groups, parent)
  File "c:\Users\Alex\Competitions_TT_team\manual_choice.py", line 20, in __init__
    self.load_athletes()
    ~~~~~~~~~~~~~~~~~~^^
  File "c:\Users\Alex\Competitions_TT_team\manual_choice.py", line 284, in load_athletes
    self.update_current_athlete()
    ~~~~~~~~~~~~~~~~~~~~~~~~~~~^^
  File "c:\Users\Alex\Competitions_TT_team\manual_choice.py", line 440, in update_current_athlete
    self.current_athlete_label.setText(f"Спортсмен: {name}\nРейтинг: {rating}\nРегион: {region}\nТренер: {coach}")
    ~~~~~~~~~~~~~~~~~~~~~~~~~~~~~~~~~~^^^^^^^^^^^^^^^^^^^^^^^^^^^^^^^^^^^^^^^^^^^^^^^^^^^^^^^^^^^^^^^^^^^^^^^^^^^^
RuntimeError: wrapped C/C++ object of type QLabel has been deleted
