2026-04-20 12:21:02,413 - ERROR - Необработанное исключение: AttributeError: 'MainWindow' object has no attribute 'textEdit'
2026-04-20 12:21:02,414 - ERROR - Трассировка стека:
Traceback (most recent call last):
  File "c:\Users\Alex\Competitions_TT_team\main.py", line 8167, in check_real_player
    fill_table(player_list)
    ~~~~~~~~~~^^^^^^^^^^^^^
  File "c:\Users\Alex\Competitions_TT_team\main.py", line 3264, in fill_table
    my_win.textEdit.setText("Нет спортсменов из предварительной заявки")
    ^^^^^^^^^^^^^^^
AttributeError: 'MainWindow' object has no attribute 'textEdit'
2026-04-20 12:21:04,556 - ERROR - Необработанное исключение: AttributeError: 'MainWindow' object has no attribute 'textEdit'
2026-04-20 12:21:04,557 - ERROR - Трассировка стека:
Traceback (most recent call last):
  File "c:\Users\Alex\Competitions_TT_team\main.py", line 7640, in filter_player_list
    my_win.textEdit.clear()
    ^^^^^^^^^^^^^^^
AttributeError: 'MainWindow' object has no attribute 'textEdit'
2026-04-20 12:22:52,103 - ERROR - Необработанное исключение: IndexError: list index out of range
2026-04-20 12:22:52,104 - ERROR - Трассировка стека:
Traceback (most recent call last):
  File "c:\Users\Alex\Competitions_TT_team\main.py", line 13108, in finish_draw
    result[slot_num] = [team_data[1], team_data[2]]
                                      ~~~~~~~~~^^^
IndexError: list index out of range
2026-04-20 12:23:36,501 - ERROR - Необработанное исключение: AttributeError: 'NoneType' object has no attribute 'keys'
2026-04-20 12:23:36,528 - ERROR - Трассировка стека:
Traceback (most recent call last):
  File "c:\Users\Alex\Competitions_TT_team\main.py", line 16080, in etap_made
    one_table(fin, group=1)
    ~~~~~~~~~^^^^^^^^^^^^^^
  File "c:\Users\Alex\Competitions_TT_team\main.py", line 6020, in one_table
    posev_data = player_choice_in_setka(fin)
  File "c:\Users\Alex\Competitions_TT_team\main.py", line 23522, in player_choice_in_setka
    posev = choice_setka_automat(fin, flag, count_exit)
  File "c:\Users\Alex\Competitions_TT_team\main.py", line 11671, in choice_setka_automat
    for i in num_id_player.keys():
             ^^^^^^^^^^^^^^^^^^
AttributeError: 'NoneType' object has no attribute 'keys'
