2026-04-09 15:10:23,310 - ERROR - Необработанное исключение: TypeError: int() argument must be a string, a bytes-like object or a real number, not 'Team'
2026-04-09 15:10:23,311 - ERROR - Трассировка стека:
Traceback (most recent call last):
  File "c:\Users\Alex\Competitions_TT_team\main.py", line 1176, in system_made
    system_competition()
    ~~~~~~~~~~~~~~~~~~^^
  File "c:\Users\Alex\Competitions_TT_team\main.py", line 5865, in system_competition
    choice_tbl_made()  # заполняет db жеребьевка
    ~~~~~~~~~~~~~~~^^
  File "c:\Users\Alex\Competitions_TT_team\main.py", line 14232, in choice_tbl_made
    title_id=title_id()).save()
                         ~~~~^^
  File "c:\Users\Alex\Competitions_TT_team\venv\Lib\site-packages\peewee.py", line 6958, in save
    pk = self.insert(**field_dict).execute()
  File "c:\Users\Alex\Competitions_TT_team\venv\Lib\site-packages\peewee.py", line 2036, in inner
    return method(self, database, *args, **kwargs)
  File "c:\Users\Alex\Competitions_TT_team\venv\Lib\site-packages\peewee.py", line 2107, in execute
    return self._execute(database)
           ~~~~~~~~~~~~~^^^^^^^^^^
  File "c:\Users\Alex\Competitions_TT_team\venv\Lib\site-packages\peewee.py", line 2912, in _execute
    return super(Insert, self)._execute(database)
           ~~~~~~~~~~~~~~~~~~~~~~~~~~~~^^^^^^^^^^
  File "c:\Users\Alex\Competitions_TT_team\venv\Lib\site-packages\peewee.py", line 2625, in _execute
    cursor = database.execute(self)
  File "c:\Users\Alex\Competitions_TT_team\venv\Lib\site-packages\peewee.py", line 3329, in execute
    sql, params = ctx.sql(query).query()
                  ~~~~~~~^^^^^^^
  File "c:\Users\Alex\Competitions_TT_team\venv\Lib\site-packages\peewee.py", line 664, in sql
    return obj.__sql__(self)
           ~~~~~~~~~~~^^^^^^
  File "c:\Users\Alex\Competitions_TT_team\venv\Lib\site-packages\peewee.py", line 2889, in __sql__
    self._simple_insert(ctx)
    ~~~~~~~~~~~~~~~~~~~^^^^^
  File "c:\Users\Alex\Competitions_TT_team\venv\Lib\site-packages\peewee.py", line 2739, in _simple_insert
    return self._generate_insert((self._insert,), ctx)
           ~~~~~~~~~~~~~~~~~~~~~^^^^^^^^^^^^^^^^^^^^^^
  File "c:\Users\Alex\Competitions_TT_team\venv\Lib\site-packages\peewee.py", line 2861, in _generate_insert
    return ctx.sql(CommaNodeList(all_values))
           ~~~~~~~^^^^^^^^^^^^^^^^^^^^^^^^^^^
  File "c:\Users\Alex\Competitions_TT_team\venv\Lib\site-packages\peewee.py", line 664, in sql
    return obj.__sql__(self)
           ~~~~~~~~~~~^^^^^^
  File "c:\Users\Alex\Competitions_TT_team\venv\Lib\site-packages\peewee.py", line 1902, in __sql__
    ctx.sql(self.nodes[n_nodes - 1])
    ~~~~~~~^^^^^^^^^^^^^^^^^^^^^^^^^
  File "c:\Users\Alex\Competitions_TT_team\venv\Lib\site-packages\peewee.py", line 664, in sql
    return obj.__sql__(self)
           ~~~~~~~~~~~^^^^^^
  File "c:\Users\Alex\Competitions_TT_team\venv\Lib\site-packages\peewee.py", line 1900, in __sql__
    ctx.sql(self.nodes[i])
    ~~~~~~~^^^^^^^^^^^^^^^
  File "c:\Users\Alex\Competitions_TT_team\venv\Lib\site-packages\peewee.py", line 664, in sql
    return obj.__sql__(self)
           ~~~~~~~~~~~^^^^^^
  File "c:\Users\Alex\Competitions_TT_team\venv\Lib\site-packages\peewee.py", line 1479, in __sql__
    return ctx.value(self.value, self.converter)
           ~~~~~~~~~^^^^^^^^^^^^^^^^^^^^^^^^^^^^
  File "c:\Users\Alex\Competitions_TT_team\venv\Lib\site-packages\peewee.py", line 676, in value
    value = converter(value)
  File "c:\Users\Alex\Competitions_TT_team\venv\Lib\site-packages\peewee.py", line 5581, in db_value
    return self.rel_field.db_value(value)
           ~~~~~~~~~~~~~~~~~~~~~~~^^^^^^^
  File "c:\Users\Alex\Competitions_TT_team\venv\Lib\site-packages\peewee.py", line 4846, in db_value
    return value if value is None else self.adapt(value)
                                       ~~~~~~~~~~^^^^^^^
  File "c:\Users\Alex\Competitions_TT_team\venv\Lib\site-packages\peewee.py", line 4906, in adapt
    return int(value)
TypeError: int() argument must be a string, a bytes-like object or a real number, not 'Team'
