2026-04-14 12:29:16,896 - ERROR - Необработанное исключение: TypeError: 'int' object is not iterable
2026-04-14 12:29:16,900 - ERROR - Трассировка стека:
Traceback (most recent call last):
  File "c:\Users\Alex\Competitions_TT_team\main.py", line 1029, in choice
    posev_data = player_choice_in_setka(fin)
  File "c:\Users\Alex\Competitions_TT_team\main.py", line 22041, in player_choice_in_setka
    posev = choice_setka_automat(fin, flag, count_exit)
  File "c:\Users\Alex\Competitions_TT_team\main.py", line 11784, in choice_setka_automat
    my_win.start_draw(full_posev, count_exit, free_num, posevs_num, nums)
    ~~~~~~~~~~~~~~~~~^^^^^^^^^^^^^^^^^^^^^^^^^^^^^^^^^^^^^^^^^^^^^^^^^^^^
  File "c:\Users\Alex\Competitions_TT_team\main.py", line 321, in start_draw
    num_id_player = manual_choice(full_posev, count_exit, free_num, posevs_num, nums)
  File "c:\Users\Alex\Competitions_TT_team\main.py", line 12281, in manual_choice
    window = ManualChoiceWindow()
  File "c:\Users\Alex\Competitions_TT_team\main.py", line 11831, in __init__
    self.grid_size = self.get_grid_size()
                     ~~~~~~~~~~~~~~~~~~^^
  File "c:\Users\Alex\Competitions_TT_team\main.py", line 11855, in get_grid_size
    max_num = max(max_num, max(group))
                           ~~~^^^^^^^
TypeError: 'int' object is not iterable
