2026-04-17 19:28:54,912 - ERROR - Необработанное исключение: AttributeError: 'MainWindow' object has no attribute 'comboBox_filter_schedule_tour'
2026-04-17 19:28:54,913 - ERROR - Трассировка стека:
Traceback (most recent call last):
  File "c:\Users\Alex\Competitions_TT_team\main.py", line 25188, in load_combo_schedule_tours
    my_win.comboBox_filter_schedule_tour.clear()
    ^^^^^^^^^^^^^^^^^^^^^^^^^^^^^^^^^^^^
AttributeError: 'MainWindow' object has no attribute 'comboBox_filter_schedule_tour'
2026-04-17 19:30:32,202 - ERROR - Необработанное исключение: AttributeError: 'MainWindow' object has no attribute 'comboBox_filter_schedule_tour'
2026-04-17 19:30:32,204 - ERROR - Трассировка стека:
Traceback (most recent call last):
  File "c:\Users\Alex\Competitions_TT_team\main.py", line 25188, in load_combo_schedule_tours
    my_win.comboBox_filter_schedule_tour.clear()
    ^^^^^^^^^^^^^^^^^^^^^^^^^^^^^^^^^^^^
AttributeError: 'MainWindow' object has no attribute 'comboBox_filter_schedule_tour'
2026-04-17 19:33:09,017 - ERROR - Необработанное исключение: AttributeError: 'MainWindow' object has no attribute 'comboBox_filter_schedule_tour'
2026-04-17 19:33:09,017 - ERROR - Трассировка стека:
Traceback (most recent call last):
  File "c:\Users\Alex\Competitions_TT_team\main.py", line 25188, in load_combo_schedule_tours
    my_win.comboBox_filter_schedule_tour.clear()
    ^^^^^^^^^^^^^^^^^^^^^^^^^^^^^^^^^^^^
AttributeError: 'MainWindow' object has no attribute 'comboBox_filter_schedule_tour'
2026-04-17 19:33:09,055 - ERROR - Необработанное исключение: AttributeError: 'MainWindow' object has no attribute 'comboBox_filter_schedule_tour'
2026-04-17 19:33:09,056 - ERROR - Трассировка стека:
Traceback (most recent call last):
  File "c:\Users\Alex\Competitions_TT_team\main.py", line 25188, in load_combo_schedule_tours
    my_win.comboBox_filter_schedule_tour.clear()
    ^^^^^^^^^^^^^^^^^^^^^^^^^^^^^^^^^^^^
AttributeError: 'MainWindow' object has no attribute 'comboBox_filter_schedule_tour'
2026-04-17 19:33:14,432 - ERROR - Необработанное исключение: AttributeError: 'MainWindow' object has no attribute 'comboBox_filter_schedule_tour'
2026-04-17 19:33:14,433 - ERROR - Трассировка стека:
Traceback (most recent call last):
  File "c:\Users\Alex\Competitions_TT_team\main.py", line 25188, in load_combo_schedule_tours
    my_win.comboBox_filter_schedule_tour.clear()
    ^^^^^^^^^^^^^^^^^^^^^^^^^^^^^^^^^^^^
AttributeError: 'MainWindow' object has no attribute 'comboBox_filter_schedule_tour'
