2026-04-16 09:50:00,775 - ERROR - Необработанное исключение: TeamDoesNotExist: <Model: Team> instance matching query does not exist:
SQL: SELECT `t1`.`id`, `t1`.`team_name`, `t1`.`region`, `t1`.`coach_team`, `t1`.`r_sum`, `t1`.`title_id`, `t1`.`id_pl1`, `t1`.`r_pl1`, `t1`.`id_pl2`, `t1`.`r_pl2`, `t1`.`id_pl3`, `t1`.`r_pl3`, `t1`.`id_pl4`, `t1`.`r_pl4`, `t1`.`id_pl5`, `t1`.`r_pl5`, `t1`.`team_region` FROM `teams` AS `t1` WHERE ((`t1`.`title_id` = %s) AND (`t1`.`team_region` = %s)) LIMIT %s OFFSET %s
Params: [78, 'ФОК Сергач/Нижний Новгород', 1, 0]
2026-04-16 09:50:00,779 - ERROR - Трассировка стека:
Traceback (most recent call last):
  File "c:\Users\Alex\Competitions_TT_team\venv\Lib\site-packages\peewee.py", line 7297, in get
    return clone.execute(database)[0]
           ~~~~~~~~~~~~~~~~~~~~~~~^^^
  File "c:\Users\Alex\Competitions_TT_team\venv\Lib\site-packages\peewee.py", line 4583, in __getitem__
    return self.row_cache[item]
           ~~~~~~~~~~~~~~^^^^^^
IndexError: list index out of range

During handling of the above exception, another exception occurred:

Traceback (most recent call last):
  File "c:\Users\Alex\Competitions_TT_team\main.py", line 6314, in view
    view_file = made_pdf_table_for_view(sender)
  File "c:\Users\Alex\Competitions_TT_team\main.py", line 8822, in made_pdf_table_for_view
    setka_8_full_made(fin)
    ~~~~~~~~~~~~~~~~~^^^^^
  File "c:\Users\Alex\Competitions_TT_team\main.py", line 17843, in setka_8_full_made
    tds = write_in_setka(data, fin, first_mesto, table)
  File "c:\Users\Alex\Competitions_TT_team\main.py", line 20075, in write_in_setka
    dict_setka = score_in_setka(stage, place_3rd) # список (номер, игрок, счет в партии, номер куда сносится проигравший, его фамилия)
  File "c:\Users\Alex\Competitions_TT_team\main.py", line 21335, in score_in_setka
    id_pl_win = teams.select().where(Team.team_region == res.winner).get()
  File "c:\Users\Alex\Competitions_TT_team\venv\Lib\site-packages\peewee.py", line 7300, in get
    raise self.model.DoesNotExist('%s instance matching query does '
                                  'not exist:\nSQL: %s\nParams: %s' %
                                  (clone.model, sql, params))
models.TeamDoesNotExist: <Model: Team> instance matching query does not exist:
SQL: SELECT `t1`.`id`, `t1`.`team_name`, `t1`.`region`, `t1`.`coach_team`, `t1`.`r_sum`, `t1`.`title_id`, `t1`.`id_pl1`, `t1`.`r_pl1`, `t1`.`id_pl2`, `t1`.`r_pl2`, `t1`.`id_pl3`, `t1`.`r_pl3`, `t1`.`id_pl4`, `t1`.`r_pl4`, `t1`.`id_pl5`, `t1`.`r_pl5`, `t1`.`team_region` FROM `teams` AS `t1` WHERE ((`t1`.`title_id` = %s) AND (`t1`.`team_region` = %s)) LIMIT %s OFFSET %s
Params: [78, 'ФОК Сергач/Нижний Новгород', 1, 0]
