2026-04-05 15:02:26,490 - ERROR - Необработанное исключение: OperationalError: (1525, "Incorrect DATE value: 'PyQt5.QtCore.QDate(2026, 1, 13)'")
2026-04-05 15:02:26,492 - ERROR - Трассировка стека:
Traceback (most recent call last):
  File "c:\Users\Alex\Competitions_TT\venv\Lib\site-packages\peewee.py", line 3322, in execute_sql
    cursor.execute(sql, params or ())
    ~~~~~~~~~~~~~~^^^^^^^^^^^^^^^^^^^
  File "c:\Users\Alex\Competitions_TT\venv\Lib\site-packages\pymysql\cursors.py", line 153, in execute
    result = self._query(query)
  File "c:\Users\Alex\Competitions_TT\venv\Lib\site-packages\pymysql\cursors.py", line 322, in _query
    conn.query(q)
    ~~~~~~~~~~^^^
  File "c:\Users\Alex\Competitions_TT\venv\Lib\site-packages\pymysql\connections.py", line 563, in query
    self._affected_rows = self._read_query_result(unbuffered=unbuffered)
                          ~~~~~~~~~~~~~~~~~~~~~~~^^^^^^^^^^^^^^^^^^^^^^^
  File "c:\Users\Alex\Competitions_TT\venv\Lib\site-packages\pymysql\connections.py", line 825, in _read_query_result
    result.read()
    ~~~~~~~~~~~^^
  File "c:\Users\Alex\Competitions_TT\venv\Lib\site-packages\pymysql\connections.py", line 1199, in read
    first_packet = self.connection._read_packet()
  File "c:\Users\Alex\Competitions_TT\venv\Lib\site-packages\pymysql\connections.py", line 775, in _read_packet
    packet.raise_for_error()
    ~~~~~~~~~~~~~~~~~~~~~~^^
  File "c:\Users\Alex\Competitions_TT\venv\Lib\site-packages\pymysql\protocol.py", line 219, in raise_for_error
    err.raise_mysql_exception(self._data)
    ~~~~~~~~~~~~~~~~~~~~~~~~~^^^^^^^^^^^^
  File "c:\Users\Alex\Competitions_TT\venv\Lib\site-packages\pymysql\err.py", line 150, in raise_mysql_exception
    raise errorclass(errno, errval)
pymysql.err.OperationalError: (1525, "Incorrect DATE value: 'PyQt5.QtCore.QDate(2026, 1, 13)'")

During handling of the above exception, another exception occurred:

Traceback (most recent call last):
  File "c:\Users\Alex\Competitions_TT\main.py", line 1536, in open
    go_to()
    ~~~~~^^
  File "c:\Users\Alex\Competitions_TT\main.py", line 2427, in go_to
    t = Title.select().where((Title.name == name) & (Title.gamer == gamer) & (Title.data_start == selected_date)).get()
  File "c:\Users\Alex\Competitions_TT\venv\Lib\site-packages\peewee.py", line 7297, in get
    return clone.execute(database)[0]
           ~~~~~~~~~~~~~^^^^^^^^^^
  File "c:\Users\Alex\Competitions_TT\venv\Lib\site-packages\peewee.py", line 2036, in inner
    return method(self, database, *args, **kwargs)
  File "c:\Users\Alex\Competitions_TT\venv\Lib\site-packages\peewee.py", line 2107, in execute
    return self._execute(database)
           ~~~~~~~~~~~~~^^^^^^^^^^
  File "c:\Users\Alex\Competitions_TT\venv\Lib\site-packages\peewee.py", line 2280, in _execute
    cursor = database.execute(self)
  File "c:\Users\Alex\Competitions_TT\venv\Lib\site-packages\peewee.py", line 3330, in execute
    return self.execute_sql(sql, params)
           ~~~~~~~~~~~~~~~~^^^^^^^^^^^^^
  File "c:\Users\Alex\Competitions_TT\venv\Lib\site-packages\peewee.py", line 3320, in execute_sql
    with __exception_wrapper__:
         ^^^^^^^^^^^^^^^^^^^^^
  File "c:\Users\Alex\Competitions_TT\venv\Lib\site-packages\peewee.py", line 3088, in __exit__
    reraise(new_type, new_type(exc_value, *exc_args), traceback)
    ~~~~~~~^^^^^^^^^^^^^^^^^^^^^^^^^^^^^^^^^^^^^^^^^^^^^^^^^^^^^
  File "c:\Users\Alex\Competitions_TT\venv\Lib\site-packages\peewee.py", line 196, in reraise
    raise value.with_traceback(tb)
  File "c:\Users\Alex\Competitions_TT\venv\Lib\site-packages\peewee.py", line 3322, in execute_sql
    cursor.execute(sql, params or ())
    ~~~~~~~~~~~~~~^^^^^^^^^^^^^^^^^^^
  File "c:\Users\Alex\Competitions_TT\venv\Lib\site-packages\pymysql\cursors.py", line 153, in execute
    result = self._query(query)
  File "c:\Users\Alex\Competitions_TT\venv\Lib\site-packages\pymysql\cursors.py", line 322, in _query
    conn.query(q)
    ~~~~~~~~~~^^^
  File "c:\Users\Alex\Competitions_TT\venv\Lib\site-packages\pymysql\connections.py", line 563, in query
    self._affected_rows = self._read_query_result(unbuffered=unbuffered)
                          ~~~~~~~~~~~~~~~~~~~~~~~^^^^^^^^^^^^^^^^^^^^^^^
  File "c:\Users\Alex\Competitions_TT\venv\Lib\site-packages\pymysql\connections.py", line 825, in _read_query_result
    result.read()
    ~~~~~~~~~~~^^
  File "c:\Users\Alex\Competitions_TT\venv\Lib\site-packages\pymysql\connections.py", line 1199, in read
    first_packet = self.connection._read_packet()
  File "c:\Users\Alex\Competitions_TT\venv\Lib\site-packages\pymysql\connections.py", line 775, in _read_packet
    packet.raise_for_error()
    ~~~~~~~~~~~~~~~~~~~~~~^^
  File "c:\Users\Alex\Competitions_TT\venv\Lib\site-packages\pymysql\protocol.py", line 219, in raise_for_error
    err.raise_mysql_exception(self._data)
    ~~~~~~~~~~~~~~~~~~~~~~~~~^^^^^^^^^^^^
  File "c:\Users\Alex\Competitions_TT\venv\Lib\site-packages\pymysql\err.py", line 150, in raise_mysql_exception
    raise errorclass(errno, errval)
peewee.OperationalError: (1525, "Incorrect DATE value: 'PyQt5.QtCore.QDate(2026, 1, 13)'")
