2026-04-20 11:53:01,097 - ERROR - Необработанное исключение: TeamDoesNotExist: <Model: Team> instance matching query does not exist:
SQL: SELECT `t1`.`id`, `t1`.`team_name`, `t1`.`region`, `t1`.`coach_team`, `t1`.`r_sum`, `t1`.`title_id`, `t1`.`id_pl1`, `t1`.`r_pl1`, `t1`.`id_pl2`, `t1`.`r_pl2`, `t1`.`id_pl3`, `t1`.`r_pl3`, `t1`.`id_pl4`, `t1`.`r_pl4`, `t1`.`id_pl5`, `t1`.`r_pl5`, `t1`.`team_full` FROM `teams` AS `t1` WHERE ((`t1`.`title_id` = %s) AND (`t1`.`team_name` = %s)) LIMIT %s OFFSET %s
Params: [78, 'Нижегородец/Нижний Новгород', 1, 0]
2026-04-20 11:53:01,099 - ERROR - Трассировка стека:
Traceback (most recent call last):
  File "C:\Users\Alex\Competitions_TT_team\venv\Lib\site-packages\peewee.py", line 7297, in get
    return clone.execute(database)[0]
           ~~~~~~~~~~~~~~~~~~~~~~~^^^
  File "C:\Users\Alex\Competitions_TT_team\venv\Lib\site-packages\peewee.py", line 4583, in __getitem__
    return self.row_cache[item]
           ~~~~~~~~~~~~~~^^^^^^
IndexError: list index out of range

During handling of the above exception, another exception occurred:

Traceback (most recent call last):
  File "c:\Users\Alex\Competitions_TT_team\main.py", line 995, in choice
    player_in_setka_and_write_Game_list_and_Result(fin, posev_data)
    ~~~~~~~~~~~~~~~~~~~~~~~~~~~~~~~~~~~~~~~~~~~~~~^^^^^^^^^^^^^^^^^
  File "c:\Users\Alex\Competitions_TT_team\main.py", line 6303, in player_in_setka_and_write_Game_list_and_Result
    all_list = setka_data(fin, posev_data)
  File "c:\Users\Alex\Competitions_TT_team\main.py", line 22013, in setka_data
    name_list = full_team_id(family) # словарь {name: команда/город, id: номер игрока}, {name: фамилия, id: номер мгрока}
  File "c:\Users\Alex\Competitions_TT_team\main.py", line 22073, in full_team_id
    teams_id = teams.select().where(Team.team_name == family).get()
  File "C:\Users\Alex\Competitions_TT_team\venv\Lib\site-packages\peewee.py", line 7300, in get
    raise self.model.DoesNotExist('%s instance matching query does '
                                  'not exist:\nSQL: %s\nParams: %s' %
                                  (clone.model, sql, params))
models.TeamDoesNotExist: <Model: Team> instance matching query does not exist:
SQL: SELECT `t1`.`id`, `t1`.`team_name`, `t1`.`region`, `t1`.`coach_team`, `t1`.`r_sum`, `t1`.`title_id`, `t1`.`id_pl1`, `t1`.`r_pl1`, `t1`.`id_pl2`, `t1`.`r_pl2`, `t1`.`id_pl3`, `t1`.`r_pl3`, `t1`.`id_pl4`, `t1`.`r_pl4`, `t1`.`id_pl5`, `t1`.`r_pl5`, `t1`.`team_full` FROM `teams` AS `t1` WHERE ((`t1`.`title_id` = %s) AND (`t1`.`team_name` = %s)) LIMIT %s OFFSET %s
Params: [78, 'Нижегородец/Нижний Новгород', 1, 0]
