2026-04-22 16:05:21,223 - ERROR - Необработанное исключение: AttributeError: 'ManualChoiceDialog' object has no attribute 'cancel_button'
2026-04-22 16:05:21,227 - ERROR - Трассировка стека:
Traceback (most recent call last):
  File "c:\Users\Alex\Competitions_TT_team\main.py", line 992, in choice
    posev_data = player_choice_in_setka(fin)
  File "c:\Users\Alex\Competitions_TT_team\main.py", line 24287, in player_choice_in_setka
    posev = choice_setka_automat(fin, flag, count_exit)
  File "c:\Users\Alex\Competitions_TT_team\main.py", line 11661, in choice_setka_automat
    num_id_player = my_win.start_draw(full_posev, count_exit, free_num, posevs_num, nums)
  File "c:\Users\Alex\Competitions_TT_team\main.py", line 314, in start_draw
    result = choice_net_manual(full_posev, count_exit, free_num, posevs_num, nums)
  File "c:\Users\Alex\Competitions_TT_team\main.py", line 13178, in choice_net_manual
    dialog = ManualChoiceDialog()
  File "c:\Users\Alex\Competitions_TT_team\main.py", line 12512, in __init__
    self.init_ui()
    ~~~~~~~~~~~~^^
  File "c:\Users\Alex\Competitions_TT_team\main.py", line 12672, in init_ui
    left_panel = self.create_left_panel()
  File "c:\Users\Alex\Competitions_TT_team\main.py", line 12796, in create_left_panel
    buttons_main_layout.addWidget(self.cancel_button)
                                  ^^^^^^^^^^^^^^^^^^
AttributeError: 'ManualChoiceDialog' object has no attribute 'cancel_button'
