2026-05-05 15:22:35,118 - ERROR - Необработанное исключение: IndexError: list assignment index out of range
2026-05-05 15:22:35,119 - ERROR - Трассировка стека:
Traceback (most recent call last):
  File "c:\Users\Alex\Competitions_TT_team\manual_choice.py", line 1032, in do_move
    self.groups[g1][row1] = None
    ~~~~~~~~~~~~~~~^^^^^^
IndexError: list assignment index out of range
2026-05-05 15:27:57,662 - ERROR - Необработанное исключение: TypeError: 'NoneType' object is not iterable
2026-05-05 15:27:57,715 - ERROR - Трассировка стека:
Traceback (most recent call last):
  File "c:\Users\Alex\Competitions_TT_team\main.py", line 1029, in choice
    choice_gr_automat(check_flag)
    ~~~~~~~~~~~~~~~~~^^^^^^^^^^^^
  File "c:\Users\Alex\Competitions_TT_team\main.py", line 9985, in choice_gr_automat
    choice_save_manual_group(results)
    ~~~~~~~~~~~~~~~~~~~~~~~~^^^^^^^^^
  File "c:\Users\Alex\Competitions_TT_team\main.py", line 10005, in choice_save_manual_group
    for player in results:
                  ^^^^^^^
TypeError: 'NoneType' object is not iterable
