2026-04-22 12:54:07,406 - ERROR - Необработанное исключение: OperationalError: (1054, "Unknown column 't1.team_id' in 'field list'")
2026-04-22 12:54:07,408 - ERROR - Трассировка стека:
Traceback (most recent call last):
  File "c:\Users\Alex_SSHOR13\Competitions_TT_team\venv\Lib\site-packages\peewee.py", line 3352, in execute_sql
    cursor.execute(sql, params or ())
  File "c:\Users\Alex_SSHOR13\Competitions_TT_team\venv\Lib\site-packages\pymysql\cursors.py", line 153, in execute
    result = self._query(query)
             ^^^^^^^^^^^^^^^^^^
  File "c:\Users\Alex_SSHOR13\Competitions_TT_team\venv\Lib\site-packages\pymysql\cursors.py", line 322, in _query
    conn.query(q)
  File "c:\Users\Alex_SSHOR13\Competitions_TT_team\venv\Lib\site-packages\pymysql\connections.py", line 575, in query
    self._affected_rows = self._read_query_result(unbuffered=unbuffered)
                          ^^^^^^^^^^^^^^^^^^^^^^^^^^^^^^^^^^^^^^^^^^^^^^
  File "c:\Users\Alex_SSHOR13\Competitions_TT_team\venv\Lib\site-packages\pymysql\connections.py", line 826, in _read_query_result
    result.read()
  File "c:\Users\Alex_SSHOR13\Competitions_TT_team\venv\Lib\site-packages\pymysql\connections.py", line 1203, in read
    first_packet = self.connection._read_packet()
                   ^^^^^^^^^^^^^^^^^^^^^^^^^^^^^^
  File "c:\Users\Alex_SSHOR13\Competitions_TT_team\venv\Lib\site-packages\pymysql\connections.py", line 782, in _read_packet
    packet.raise_for_error()
  File "c:\Users\Alex_SSHOR13\Competitions_TT_team\venv\Lib\site-packages\pymysql\protocol.py", line 219, in raise_for_error
    err.raise_mysql_exception(self._data)
  File "c:\Users\Alex_SSHOR13\Competitions_TT_team\venv\Lib\site-packages\pymysql\err.py", line 150, in raise_mysql_exception
    raise errorclass(errno, errval)
pymysql.err.OperationalError: (1054, "Unknown column 't1.team_id' in 'field list'")

During handling of the above exception, another exception occurred:

Traceback (most recent call last):
  File "c:\Users\Alex_SSHOR13\Competitions_TT_team\main.py", line 1134, in choice
    clear_db_before_choice_final(fin)
  File "c:\Users\Alex_SSHOR13\Competitions_TT_team\main.py", line 16905, in clear_db_before_choice_final
    for i in gamelist:
             ^^^^^^^^
  File "c:\Users\Alex_SSHOR13\Competitions_TT_team\venv\Lib\site-packages\peewee.py", line 7491, in __iter__
    self.execute()
  File "c:\Users\Alex_SSHOR13\Competitions_TT_team\venv\Lib\site-packages\peewee.py", line 2054, in inner
    return method(self, database, *args, **kwargs)
           ^^^^^^^^^^^^^^^^^^^^^^^^^^^^^^^^^^^^^^^
  File "c:\Users\Alex_SSHOR13\Competitions_TT_team\venv\Lib\site-packages\peewee.py", line 2125, in execute
    return self._execute(database)
           ^^^^^^^^^^^^^^^^^^^^^^^
  File "c:\Users\Alex_SSHOR13\Competitions_TT_team\venv\Lib\site-packages\peewee.py", line 2297, in _execute
    cursor = database.execute(self)
             ^^^^^^^^^^^^^^^^^^^^^^
  File "c:\Users\Alex_SSHOR13\Competitions_TT_team\venv\Lib\site-packages\peewee.py", line 3358, in execute
    return self.execute_sql(sql, params)
           ^^^^^^^^^^^^^^^^^^^^^^^^^^^^^
  File "c:\Users\Alex_SSHOR13\Competitions_TT_team\venv\Lib\site-packages\peewee.py", line 3350, in execute_sql
    with __exception_wrapper__:
         ^^^^^^^^^^^^^^^^^^^^^
  File "c:\Users\Alex_SSHOR13\Competitions_TT_team\venv\Lib\site-packages\peewee.py", line 3121, in __exit__
    reraise(new_type, new_type(exc_value, *exc_args), traceback)
  File "c:\Users\Alex_SSHOR13\Competitions_TT_team\venv\Lib\site-packages\peewee.py", line 164, in reraise
    raise value.with_traceback(tb)
  File "c:\Users\Alex_SSHOR13\Competitions_TT_team\venv\Lib\site-packages\peewee.py", line 3352, in execute_sql
    cursor.execute(sql, params or ())
  File "c:\Users\Alex_SSHOR13\Competitions_TT_team\venv\Lib\site-packages\pymysql\cursors.py", line 153, in execute
    result = self._query(query)
             ^^^^^^^^^^^^^^^^^^
  File "c:\Users\Alex_SSHOR13\Competitions_TT_team\venv\Lib\site-packages\pymysql\cursors.py", line 322, in _query
    conn.query(q)
  File "c:\Users\Alex_SSHOR13\Competitions_TT_team\venv\Lib\site-packages\pymysql\connections.py", line 575, in query
    self._affected_rows = self._read_query_result(unbuffered=unbuffered)
                          ^^^^^^^^^^^^^^^^^^^^^^^^^^^^^^^^^^^^^^^^^^^^^^
  File "c:\Users\Alex_SSHOR13\Competitions_TT_team\venv\Lib\site-packages\pymysql\connections.py", line 826, in _read_query_result
    result.read()
  File "c:\Users\Alex_SSHOR13\Competitions_TT_team\venv\Lib\site-packages\pymysql\connections.py", line 1203, in read
    first_packet = self.connection._read_packet()
                   ^^^^^^^^^^^^^^^^^^^^^^^^^^^^^^
  File "c:\Users\Alex_SSHOR13\Competitions_TT_team\venv\Lib\site-packages\pymysql\connections.py", line 782, in _read_packet
    packet.raise_for_error()
  File "c:\Users\Alex_SSHOR13\Competitions_TT_team\venv\Lib\site-packages\pymysql\protocol.py", line 219, in raise_for_error
    err.raise_mysql_exception(self._data)
  File "c:\Users\Alex_SSHOR13\Competitions_TT_team\venv\Lib\site-packages\pymysql\err.py", line 150, in raise_mysql_exception
    raise errorclass(errno, errval)
peewee.OperationalError: (1054, "Unknown column 't1.team_id' in 'field list'")
