2026-04-20 21:25:04,772 - ERROR - Необработанное исключение: TypeError: choice_net_manual.<locals>.ManualChoiceDialog.get_current_available_numbers() missing 1 required positional argument: 'posevs_num'
2026-04-20 21:25:04,774 - ERROR - Трассировка стека:
Traceback (most recent call last):
  File "c:\Users\Alex\Competitions_TT_team\main.py", line 994, in choice
    posev_data = player_choice_in_setka(fin)
  File "c:\Users\Alex\Competitions_TT_team\main.py", line 23438, in player_choice_in_setka
    posev = choice_setka_automat(fin, flag, count_exit)
  File "c:\Users\Alex\Competitions_TT_team\main.py", line 11668, in choice_setka_automat
    num_id_player = my_win.start_draw(full_posev, count_exit, free_num, posevs_num, nums)
  File "c:\Users\Alex\Competitions_TT_team\main.py", line 314, in start_draw
    result = choice_net_manual(full_posev, count_exit, free_num, posevs_num, nums)
  File "c:\Users\Alex\Competitions_TT_team\main.py", line 12325, in choice_net_manual
    dialog = ManualChoiceDialog()
  File "c:\Users\Alex\Competitions_TT_team\main.py", line 11752, in __init__
    self.init_ui()
    ~~~~~~~~~~~~^^
  File "c:\Users\Alex\Competitions_TT_team\main.py", line 11890, in init_ui
    self.update_current_available_numbers()
    ~~~~~~~~~~~~~~~~~~~~~~~~~~~~~~~~~~~~~^^
  File "c:\Users\Alex\Competitions_TT_team\main.py", line 11842, in update_current_available_numbers
    self.current_available_numbers = self.get_current_available_numbers()
                                     ~~~~~~~~~~~~~~~~~~~~~~~~~~~~~~~~~~^^
TypeError: choice_net_manual.<locals>.ManualChoiceDialog.get_current_available_numbers() missing 1 required positional argument: 'posevs_num'
