2026-04-06 13:39:46,679 - ERROR - Необработанное исключение: FileNotFoundError: [WinError 2] Не удается найти указанный файл: 'table_pdf'
2026-04-06 13:39:46,680 - ERROR - Трассировка стека:
Traceback (most recent call last):
  File "c:\Users\Alex\Competitions_TT\main.py", line 1200, in view
    view()
    ~~~~^^
  File "c:\Users\Alex\Competitions_TT\main.py", line 6244, in view
    view_file = made_pdf_table_for_view(sender)
  File "c:\Users\Alex\Competitions_TT\main.py", line 8552, in made_pdf_table_for_view
    table_made(pv, stage)
    ~~~~~~~~~~^^^^^^^^^^^
  File "c:\Users\Alex\Competitions_TT\main.py", line 16503, in table_made
    change_dir(catalog)
    ~~~~~~~~~~^^^^^^^^^
  File "c:\Users\Alex\Competitions_TT\main.py", line 21815, in change_dir
    os.chdir("table_pdf") # переходит в каталог pdf
    ~~~~~~~~^^^^^^^^^^^^^
FileNotFoundError: [WinError 2] Не удается найти указанный файл: 'table_pdf'
2026-04-06 13:42:20,126 - ERROR - Необработанное исключение: FileNotFoundError: [WinError 2] Не удается найти указанный файл: 'table_pdf'
2026-04-06 13:42:20,126 - ERROR - Трассировка стека:
Traceback (most recent call last):
  File "c:\Users\Alex\Competitions_TT\main.py", line 4383, in tool_page
    page()
    ~~~~^^
  File "c:\Users\Alex\Competitions_TT\main.py", line 4463, in page
    list_player_pdf(player_list)
    ~~~~~~~~~~~~~~~^^^^^^^^^^^^^
  File "c:\Users\Alex\Competitions_TT\main.py", line 5608, in list_player_pdf
    change_dir(catalog)
    ~~~~~~~~~~^^^^^^^^^
  File "c:\Users\Alex\Competitions_TT\main.py", line 21815, in change_dir
    os.chdir("table_pdf") # переходит в каталог pdf
    ~~~~~~~~^^^^^^^^^^^^^
FileNotFoundError: [WinError 2] Не удается найти указанный файл: 'table_pdf'
