2026-04-07 12:32:47,117 - ERROR - –ù–Β–Ψ–±―Ä–Α–±–Ψ―²–Α–Ϋ–Ϋ–Ψ–Β –Η―¹–Κ–Μ―é―΅–Β–Ϋ–Η–Β: IntegrityError: (1048, "Column 'region' cannot be null")
2026-04-07 12:32:47,119 - ERROR - –Δ―Ä–Α―¹―¹–Η―Ä–Ψ–≤–Κ–Α ―¹―²–Β–Κ–Α:
Traceback (most recent call last):
  File "c:\Users\Alex\Competitions_TT\venv\Lib\site-packages\peewee.py", line 7297, in get
    return clone.execute(database)[0]
           ~~~~~~~~~~~~~~~~~~~~~~~^^^
  File "c:\Users\Alex\Competitions_TT\venv\Lib\site-packages\peewee.py", line 4583, in __getitem__
    return self.row_cache[item]
           ~~~~~~~~~~~~~~^^^^^^
IndexError: list index out of range

During handling of the above exception, another exception occurred:

Traceback (most recent call last):
  File "c:\Users\Alex\Competitions_TT\main.py", line 3874, in add_players_to_team
    team = Team.get(
        (Team.team_name == team) &
        # (Team.region == region) &
        (Team.coach_team == coach_team)
    )
  File "c:\Users\Alex\Competitions_TT\venv\Lib\site-packages\peewee.py", line 6840, in get
    return sq.get()
           ~~~~~~^^
  File "c:\Users\Alex\Competitions_TT\venv\Lib\site-packages\peewee.py", line 7300, in get
    raise self.model.DoesNotExist('%s instance matching query does '
                                  'not exist:\nSQL: %s\nParams: %s' %
                                  (clone.model, sql, params))
models.TeamDoesNotExist: <Model: Team> instance matching query does not exist:
SQL: SELECT `t1`.`id`, `t1`.`team_name`, `t1`.`region`, `t1`.`coach_team`, `t1`.`r_sum`, `t1`.`title_id`, `t1`.`id_pl1_id`, `t1`.`r_pl1`, `t1`.`id_pl2_id`, `t1`.`r_pl2`, `t1`.`id_pl3_id`, `t1`.`r_pl3`, `t1`.`id_pl4_id`, `t1`.`r_pl4`, `t1`.`id_pl5_id`, `t1`.`r_pl5` FROM `teams` AS `t1` WHERE ((`t1`.`team_name` = %s) AND (`t1`.`coach_team` = %s)) LIMIT %s OFFSET %s
Params: ['–≠―Ä–Κ–Ψ–Ϋ', '–ö–Α―Ä–Ω–Ψ–≤ –™.–†.', 1, 0]

During handling of the above exception, another exception occurred:

Traceback (most recent call last):
  File "c:\Users\Alex\Competitions_TT\venv\Lib\site-packages\peewee.py", line 3322, in execute_sql
    cursor.execute(sql, params or ())
    ~~~~~~~~~~~~~~^^^^^^^^^^^^^^^^^^^
  File "c:\Users\Alex\Competitions_TT\venv\Lib\site-packages\pymysql\cursors.py", line 153, in execute
    result = self._query(query)
  File "c:\Users\Alex\Competitions_TT\venv\Lib\site-packages\pymysql\cursors.py", line 322, in _query
    conn.query(q)
    ~~~~~~~~~~^^^
  File "c:\Users\Alex\Competitions_TT\venv\Lib\site-packages\pymysql\connections.py", line 575, in query
    self._affected_rows = self._read_query_result(unbuffered=unbuffered)
                          ~~~~~~~~~~~~~~~~~~~~~~~^^^^^^^^^^^^^^^^^^^^^^^
  File "c:\Users\Alex\Competitions_TT\venv\Lib\site-packages\pymysql\connections.py", line 826, in _read_query_result
    result.read()
    ~~~~~~~~~~~^^
  File "c:\Users\Alex\Competitions_TT\venv\Lib\site-packages\pymysql\connections.py", line 1203, in read
    first_packet = self.connection._read_packet()
  File "c:\Users\Alex\Competitions_TT\venv\Lib\site-packages\pymysql\connections.py", line 782, in _read_packet
    packet.raise_for_error()
    ~~~~~~~~~~~~~~~~~~~~~~^^
  File "c:\Users\Alex\Competitions_TT\venv\Lib\site-packages\pymysql\protocol.py", line 219, in raise_for_error
    err.raise_mysql_exception(self._data)
    ~~~~~~~~~~~~~~~~~~~~~~~~~^^^^^^^^^^^^
  File "c:\Users\Alex\Competitions_TT\venv\Lib\site-packages\pymysql\err.py", line 150, in raise_mysql_exception
    raise errorclass(errno, errval)
pymysql.err.IntegrityError: (1048, "Column 'region' cannot be null")

During handling of the above exception, another exception occurred:

Traceback (most recent call last):
  File "c:\Users\Alex\Competitions_TT\main.py", line 3800, in add_player
    add_players_to_team(pl_id, team, coach_team, player_rating) # –Ζ–Α–Ω–Η―¹―΄–≤–Α–Β―² –≤ DB –Η–≥―Ä–Ψ–Κ–Ψ–≤ –Κ–Ψ–Φ–Α–Ϋ–¥―΄
    ~~~~~~~~~~~~~~~~~~~^^^^^^^^^^^^^^^^^^^^^^^^^^^^^^^^^^^^^^^^
  File "c:\Users\Alex\Competitions_TT\main.py", line 3883, in add_players_to_team
    team = Team.create(
        team_name=team,
    ...<13 lines>...
        r_pl5=0
    )
  File "c:\Users\Alex\Competitions_TT\venv\Lib\site-packages\peewee.py", line 6748, in create
    inst.save(force_insert=True)
    ~~~~~~~~~^^^^^^^^^^^^^^^^^^^
  File "c:\Users\Alex\Competitions_TT\venv\Lib\site-packages\peewee.py", line 6958, in save
    pk = self.insert(**field_dict).execute()
  File "c:\Users\Alex\Competitions_TT\venv\Lib\site-packages\peewee.py", line 2036, in inner
    return method(self, database, *args, **kwargs)
  File "c:\Users\Alex\Competitions_TT\venv\Lib\site-packages\peewee.py", line 2107, in execute
    return self._execute(database)
           ~~~~~~~~~~~~~^^^^^^^^^^
  File "c:\Users\Alex\Competitions_TT\venv\Lib\site-packages\peewee.py", line 2912, in _execute
    return super(Insert, self)._execute(database)
           ~~~~~~~~~~~~~~~~~~~~~~~~~~~~^^^^^^^^^^
  File "c:\Users\Alex\Competitions_TT\venv\Lib\site-packages\peewee.py", line 2625, in _execute
    cursor = database.execute(self)
  File "c:\Users\Alex\Competitions_TT\venv\Lib\site-packages\peewee.py", line 3330, in execute
    return self.execute_sql(sql, params)
           ~~~~~~~~~~~~~~~~^^^^^^^^^^^^^
  File "c:\Users\Alex\Competitions_TT\venv\Lib\site-packages\peewee.py", line 3320, in execute_sql
    with __exception_wrapper__:
         ^^^^^^^^^^^^^^^^^^^^^
  File "c:\Users\Alex\Competitions_TT\venv\Lib\site-packages\peewee.py", line 3088, in __exit__
    reraise(new_type, new_type(exc_value, *exc_args), traceback)
    ~~~~~~~^^^^^^^^^^^^^^^^^^^^^^^^^^^^^^^^^^^^^^^^^^^^^^^^^^^^^
  File "c:\Users\Alex\Competitions_TT\venv\Lib\site-packages\peewee.py", line 196, in reraise
    raise value.with_traceback(tb)
  File "c:\Users\Alex\Competitions_TT\venv\Lib\site-packages\peewee.py", line 3322, in execute_sql
    cursor.execute(sql, params or ())
    ~~~~~~~~~~~~~~^^^^^^^^^^^^^^^^^^^
  File "c:\Users\Alex\Competitions_TT\venv\Lib\site-packages\pymysql\cursors.py", line 153, in execute
    result = self._query(query)
  File "c:\Users\Alex\Competitions_TT\venv\Lib\site-packages\pymysql\cursors.py", line 322, in _query
    conn.query(q)
    ~~~~~~~~~~^^^
  File "c:\Users\Alex\Competitions_TT\venv\Lib\site-packages\pymysql\connections.py", line 575, in query
    self._affected_rows = self._read_query_result(unbuffered=unbuffered)
                          ~~~~~~~~~~~~~~~~~~~~~~~^^^^^^^^^^^^^^^^^^^^^^^
  File "c:\Users\Alex\Competitions_TT\venv\Lib\site-packages\pymysql\connections.py", line 826, in _read_query_result
    result.read()
    ~~~~~~~~~~~^^
  File "c:\Users\Alex\Competitions_TT\venv\Lib\site-packages\pymysql\connections.py", line 1203, in read
    first_packet = self.connection._read_packet()
  File "c:\Users\Alex\Competitions_TT\venv\Lib\site-packages\pymysql\connections.py", line 782, in _read_packet
    packet.raise_for_error()
    ~~~~~~~~~~~~~~~~~~~~~~^^
  File "c:\Users\Alex\Competitions_TT\venv\Lib\site-packages\pymysql\protocol.py", line 219, in raise_for_error
    err.raise_mysql_exception(self._data)
    ~~~~~~~~~~~~~~~~~~~~~~~~~^^^^^^^^^^^^
  File "c:\Users\Alex\Competitions_TT\venv\Lib\site-packages\pymysql\err.py", line 150, in raise_mysql_exception
    raise errorclass(errno, errval)
peewee.IntegrityError: (1048, "Column 'region' cannot be null")
