2026-04-15 13:49:17,581 - ERROR - Необработанное исключение: PlayerDoesNotExist: <Model: Player> instance matching query does not exist:
SQL: SELECT `t1`.`id`, `t1`.`player`, `t1`.`bday`, `t1`.`rank`, `t1`.`city`, `t1`.`region`, `t1`.`razryad`, `t1`.`coach_id`, `t1`.`mesto`, `t1`.`fio`, `t1`.`fio_city`, `t1`.`title_id`, `t1`.`pay_rejting`, `t1`.`comment`, `t1`.`coefficient_victories`, `t1`.`total_game_player`, `t1`.`total_win_game`, `t1`.`application`, `t1`.`patronymic_id`, `t1`.`sex` FROM `players` AS `t1` WHERE (`t1`.`id` IS NULL) LIMIT %s OFFSET %s
Params: [1, 0]
2026-04-15 13:49:17,582 - ERROR - Трассировка стека:
Traceback (most recent call last):
  File "C:\Users\Alex\Competitions_TT_team\venv\Lib\site-packages\peewee.py", line 7297, in get
    return clone.execute(database)[0]
           ~~~~~~~~~~~~~~~~~~~~~~~^^^
  File "C:\Users\Alex\Competitions_TT_team\venv\Lib\site-packages\peewee.py", line 4583, in __getitem__
    return self.row_cache[item]
           ~~~~~~~~~~~~~~^^^^^^
IndexError: list index out of range

During handling of the above exception, another exception occurred:

Traceback (most recent call last):
  File "c:\Users\Alex\Competitions_TT_team\main.py", line 6215, in view
    view_file = made_pdf_table_for_view(sender)
  File "c:\Users\Alex\Competitions_TT_team\main.py", line 8723, in made_pdf_table_for_view
    setka_8_full_made(fin)
    ~~~~~~~~~~~~~~~~~^^^^^
  File "c:\Users\Alex\Competitions_TT_team\main.py", line 17744, in setka_8_full_made
    tds = write_in_setka(data, fin, first_mesto, table)
  File "c:\Users\Alex\Competitions_TT_team\main.py", line 19936, in write_in_setka
    posev_data = setka_player_after_choice(stage) # игроки 1-ого посева
  File "c:\Users\Alex\Competitions_TT_team\main.py", line 20620, in setka_player_after_choice
    pl = Player.get(Player.id == id_pl)
  File "C:\Users\Alex\Competitions_TT_team\venv\Lib\site-packages\peewee.py", line 6840, in get
    return sq.get()
           ~~~~~~^^
  File "C:\Users\Alex\Competitions_TT_team\venv\Lib\site-packages\peewee.py", line 7300, in get
    raise self.model.DoesNotExist('%s instance matching query does '
                                  'not exist:\nSQL: %s\nParams: %s' %
                                  (clone.model, sql, params))
models.PlayerDoesNotExist: <Model: Player> instance matching query does not exist:
SQL: SELECT `t1`.`id`, `t1`.`player`, `t1`.`bday`, `t1`.`rank`, `t1`.`city`, `t1`.`region`, `t1`.`razryad`, `t1`.`coach_id`, `t1`.`mesto`, `t1`.`fio`, `t1`.`fio_city`, `t1`.`title_id`, `t1`.`pay_rejting`, `t1`.`comment`, `t1`.`coefficient_victories`, `t1`.`total_game_player`, `t1`.`total_win_game`, `t1`.`application`, `t1`.`patronymic_id`, `t1`.`sex` FROM `players` AS `t1` WHERE (`t1`.`id` IS NULL) LIMIT %s OFFSET %s
Params: [1, 0]
