2026-05-01 15:03:29,539 - ERROR - Необработанное исключение: AttributeError: 'list' object has no attribute 'keys'
2026-05-01 15:03:29,541 - ERROR - Трассировка стека:
Traceback (most recent call last):
  File "c:\Users\Alex\Competitions_TT_team\main.py", line 992, in choice
    posev_data = player_choice_in_setka(fin)
  File "c:\Users\Alex\Competitions_TT_team\main.py", line 22267, in player_choice_in_setka
    posev = choice_setka_automat(fin, flag, count_exit)
  File "c:\Users\Alex\Competitions_TT_team\main.py", line 11675, in choice_setka_automat
    num_id_player = my_win.start_draw(full_posev, count_exit, free_num, posevs_num, nums)
  File "c:\Users\Alex\Competitions_TT_team\main.py", line 314, in start_draw
    result = choice_net_manual(full_posev, count_exit, free_num, posevs_num, nums)
  File "c:\Users\Alex\Competitions_TT_team\main.py", line 12451, in choice_net_manual
    dialog = ManualChoiceDialog()
  File "c:\Users\Alex\Competitions_TT_team\main.py", line 11756, in __init__
    self.init_ui()
    ~~~~~~~~~~~~^^
  File "c:\Users\Alex\Competitions_TT_team\main.py", line 11957, in init_ui
    self.update_current_available_numbers()
    ~~~~~~~~~~~~~~~~~~~~~~~~~~~~~~~~~~~~~^^
  File "c:\Users\Alex\Competitions_TT_team\main.py", line 11906, in update_current_available_numbers
    self.current_available_numbers = self.get_current_available_numbers()
                                     ~~~~~~~~~~~~~~~~~~~~~~~~~~~~~~~~~~^^
  File "c:\Users\Alex\Competitions_TT_team\main.py", line 11846, in get_current_available_numbers
    for key in posev.keys():
               ^^^^^^^^^^
AttributeError: 'list' object has no attribute 'keys'
