2026-04-07 13:06:15,207 - ERROR - Необработанное исключение: TypeError: int() argument must be a string, a bytes-like object or a real number, not 'list'
2026-04-07 13:06:15,210 - ERROR - Трассировка стека:
Traceback (most recent call last):
  File "c:\Users\Alex\Competitions_TT\main.py", line 3800, in add_player
    add_players_to_team(pl_id, team, coach_team, player_rating) # записывает в DB игроков команды
    ~~~~~~~~~~~~~~~~~~~^^^^^^^^^^^^^^^^^^^^^^^^^^^^^^^^^^^^^^^^
  File "c:\Users\Alex\Competitions_TT\main.py", line 3936, in add_players_to_team
    team.save()
    ~~~~~~~~~^^
  File "c:\Users\Alex\Competitions_TT\venv\Lib\site-packages\peewee.py", line 6956, in save
    rows = self.update(**field_dict).where(self._pk_expr()).execute()
  File "c:\Users\Alex\Competitions_TT\venv\Lib\site-packages\peewee.py", line 2036, in inner
    return method(self, database, *args, **kwargs)
  File "c:\Users\Alex\Competitions_TT\venv\Lib\site-packages\peewee.py", line 2107, in execute
    return self._execute(database)
           ~~~~~~~~~~~~~^^^^^^^^^^
  File "c:\Users\Alex\Competitions_TT\venv\Lib\site-packages\peewee.py", line 2625, in _execute
    cursor = database.execute(self)
  File "c:\Users\Alex\Competitions_TT\venv\Lib\site-packages\peewee.py", line 3329, in execute
    sql, params = ctx.sql(query).query()
                  ~~~~~~~^^^^^^^
  File "c:\Users\Alex\Competitions_TT\venv\Lib\site-packages\peewee.py", line 664, in sql
    return obj.__sql__(self)
           ~~~~~~~~~~~^^^^^^
  File "c:\Users\Alex\Competitions_TT\venv\Lib\site-packages\peewee.py", line 2688, in __sql__
    .sql(CommaNodeList(expressions)))
     ~~~^^^^^^^^^^^^^^^^^^^^^^^^^^^^
  File "c:\Users\Alex\Competitions_TT\venv\Lib\site-packages\peewee.py", line 664, in sql
    return obj.__sql__(self)
           ~~~~~~~~~~~^^^^^^
  File "c:\Users\Alex\Competitions_TT\venv\Lib\site-packages\peewee.py", line 1900, in __sql__
    ctx.sql(self.nodes[i])
    ~~~~~~~^^^^^^^^^^^^^^^
  File "c:\Users\Alex\Competitions_TT\venv\Lib\site-packages\peewee.py", line 664, in sql
    return obj.__sql__(self)
           ~~~~~~~~~~~^^^^^^
  File "c:\Users\Alex\Competitions_TT\venv\Lib\site-packages\peewee.py", line 1902, in __sql__
    ctx.sql(self.nodes[n_nodes - 1])
    ~~~~~~~^^^^^^^^^^^^^^^^^^^^^^^^^
  File "c:\Users\Alex\Competitions_TT\venv\Lib\site-packages\peewee.py", line 664, in sql
    return obj.__sql__(self)
           ~~~~~~~~~~~^^^^^^
  File "c:\Users\Alex\Competitions_TT\venv\Lib\site-packages\peewee.py", line 1479, in __sql__
    return ctx.value(self.value, self.converter)
           ~~~~~~~~~^^^^^^^^^^^^^^^^^^^^^^^^^^^^
  File "c:\Users\Alex\Competitions_TT\venv\Lib\site-packages\peewee.py", line 676, in value
    value = converter(value)
  File "c:\Users\Alex\Competitions_TT\venv\Lib\site-packages\peewee.py", line 4846, in db_value
    return value if value is None else self.adapt(value)
                                       ~~~~~~~~~~^^^^^^^
  File "c:\Users\Alex\Competitions_TT\venv\Lib\site-packages\peewee.py", line 4906, in adapt
    return int(value)
TypeError: int() argument must be a string, a bytes-like object or a real number, not 'list'
