2026-04-21 21:41:35,290 - ERROR - Необработанное исключение: TypeError: 'int' object is not iterable
2026-04-21 21:41:35,307 - ERROR - Трассировка стека:
Traceback (most recent call last):
  File "c:\Users\Alex\Competitions_TT_team\main.py", line 995, in choice
    posev_data = player_choice_in_setka(fin)
  File "c:\Users\Alex\Competitions_TT_team\main.py", line 23591, in player_choice_in_setka
    posev = choice_setka_automat(fin, flag, count_exit)
  File "c:\Users\Alex\Competitions_TT_team\main.py", line 11669, in choice_setka_automat
    num_id_player = my_win.start_draw(full_posev, count_exit, free_num, posevs_num, nums)
  File "c:\Users\Alex\Competitions_TT_team\main.py", line 315, in start_draw
    result = manual_choice.choice_net_manual(full_posev, count_exit, free_num, posevs_num, nums)
  File "c:\Users\Alex\Competitions_TT_team\manual_choice.py", line 688, in choice_net_manual
    dialog = ManualChoiceDialog()
  File "c:\Users\Alex\Competitions_TT_team\manual_choice.py", line 25, in __init__
    self.grid_size = self.get_grid_size()
                     ~~~~~~~~~~~~~~~~~~^^
  File "c:\Users\Alex\Competitions_TT_team\manual_choice.py", line 58, in get_grid_size
    max_num = max(max_num, max(group))
                           ~~~^^^^^^^
TypeError: 'int' object is not iterable
