2026-04-22 10:35:11,706 - ERROR - Необработанное исключение: AttributeError: 'MainWindow' object has no attribute 'textEdit'
2026-04-22 10:35:11,707 - ERROR - Трассировка стека:
Traceback (most recent call last):
  File "c:\Users\Alex_SSHOR13\Competitions_TT_team\main.py", line 8162, in check_real_player
    fill_table(player_list)
  File "c:\Users\Alex_SSHOR13\Competitions_TT_team\main.py", line 3259, in fill_table
    my_win.textEdit.setText("Нет спортсменов из предварительной заявки")
    ^^^^^^^^^^^^^^^
AttributeError: 'MainWindow' object has no attribute 'textEdit'
2026-04-22 10:45:04,279 - ERROR - Необработанное исключение: OperationalError: (1054, "Unknown column 't1.id_pl1' in 'field list'")
2026-04-22 10:45:04,279 - ERROR - Трассировка стека:
Traceback (most recent call last):
  File "C:\Users\Alex_SSHOR13\Competitions_TT_team\venv\Lib\site-packages\peewee.py", line 3352, in execute_sql
    cursor.execute(sql, params or ())
  File "C:\Users\Alex_SSHOR13\Competitions_TT_team\venv\Lib\site-packages\pymysql\cursors.py", line 153, in execute
    result = self._query(query)
             ^^^^^^^^^^^^^^^^^^
  File "C:\Users\Alex_SSHOR13\Competitions_TT_team\venv\Lib\site-packages\pymysql\cursors.py", line 322, in _query
    conn.query(q)
  File "C:\Users\Alex_SSHOR13\Competitions_TT_team\venv\Lib\site-packages\pymysql\connections.py", line 575, in query
    self._affected_rows = self._read_query_result(unbuffered=unbuffered)
                          ^^^^^^^^^^^^^^^^^^^^^^^^^^^^^^^^^^^^^^^^^^^^^^
  File "C:\Users\Alex_SSHOR13\Competitions_TT_team\venv\Lib\site-packages\pymysql\connections.py", line 826, in _read_query_result
    result.read()
  File "C:\Users\Alex_SSHOR13\Competitions_TT_team\venv\Lib\site-packages\pymysql\connections.py", line 1203, in read
    first_packet = self.connection._read_packet()
                   ^^^^^^^^^^^^^^^^^^^^^^^^^^^^^^
  File "C:\Users\Alex_SSHOR13\Competitions_TT_team\venv\Lib\site-packages\pymysql\connections.py", line 782, in _read_packet
    packet.raise_for_error()
  File "C:\Users\Alex_SSHOR13\Competitions_TT_team\venv\Lib\site-packages\pymysql\protocol.py", line 219, in raise_for_error
    err.raise_mysql_exception(self._data)
  File "C:\Users\Alex_SSHOR13\Competitions_TT_team\venv\Lib\site-packages\pymysql\err.py", line 150, in raise_mysql_exception
    raise errorclass(errno, errval)
pymysql.err.OperationalError: (1054, "Unknown column 't1.id_pl1' in 'field list'")

During handling of the above exception, another exception occurred:

Traceback (most recent call last):
  File "c:\Users\Alex_SSHOR13\Competitions_TT_team\main.py", line 1160, in choice
    posev_data = player_choice_in_setka(fin)
                 ^^^^^^^^^^^^^^^^^^^^^^^^^^^
  File "c:\Users\Alex_SSHOR13\Competitions_TT_team\main.py", line 23689, in player_choice_in_setka
    posev = choice_setka_automat(fin, flag, count_exit)
            ^^^^^^^^^^^^^^^^^^^^^^^^^^^^^^^^^^^^^^^^^^^
  File "c:\Users\Alex_SSHOR13\Competitions_TT_team\main.py", line 11663, in choice_setka_automat
    num_id_player = my_win.start_draw(full_posev, count_exit, free_num, posevs_num, nums)
                    ^^^^^^^^^^^^^^^^^^^^^^^^^^^^^^^^^^^^^^^^^^^^^^^^^^^^^^^^^^^^^^^^^^^^^
  File "c:\Users\Alex_SSHOR13\Competitions_TT_team\main.py", line 314, in start_draw
    result = choice_net_manual(full_posev, count_exit, free_num, posevs_num, nums)
             ^^^^^^^^^^^^^^^^^^^^^^^^^^^^^^^^^^^^^^^^^^^^^^^^^^^^^^^^^^^^^^^^^^^^^
  File "c:\Users\Alex_SSHOR13\Competitions_TT_team\main.py", line 12472, in choice_net_manual
    dialog = ManualChoiceDialog()
             ^^^^^^^^^^^^^^^^^^^^
  File "c:\Users\Alex_SSHOR13\Competitions_TT_team\main.py", line 11747, in __init__
    self.init_ui()
  File "c:\Users\Alex_SSHOR13\Competitions_TT_team\main.py", line 11993, in init_ui
    self.update_grid_table()
  File "c:\Users\Alex_SSHOR13\Competitions_TT_team\main.py", line 12273, in update_grid_table
    teams = Team.get_or_none(Team.team_name == "X")
            ^^^^^^^^^^^^^^^^^^^^^^^^^^^^^^^^^^^^^^^
  File "C:\Users\Alex_SSHOR13\Competitions_TT_team\venv\Lib\site-packages\peewee.py", line 7040, in get_or_none
    return cls.get(*query, **filters)
           ^^^^^^^^^^^^^^^^^^^^^^^^^^
  File "C:\Users\Alex_SSHOR13\Competitions_TT_team\venv\Lib\site-packages\peewee.py", line 7035, in get
    return sq.get()
           ^^^^^^^^
  File "C:\Users\Alex_SSHOR13\Competitions_TT_team\venv\Lib\site-packages\peewee.py", line 7501, in get
    return clone.execute(database)[0]
           ^^^^^^^^^^^^^^^^^^^^^^^
  File "C:\Users\Alex_SSHOR13\Competitions_TT_team\venv\Lib\site-packages\peewee.py", line 2054, in inner
    return method(self, database, *args, **kwargs)
           ^^^^^^^^^^^^^^^^^^^^^^^^^^^^^^^^^^^^^^^
  File "C:\Users\Alex_SSHOR13\Competitions_TT_team\venv\Lib\site-packages\peewee.py", line 2125, in execute
    return self._execute(database)
           ^^^^^^^^^^^^^^^^^^^^^^^
  File "C:\Users\Alex_SSHOR13\Competitions_TT_team\venv\Lib\site-packages\peewee.py", line 2297, in _execute
    cursor = database.execute(self)
             ^^^^^^^^^^^^^^^^^^^^^^
  File "C:\Users\Alex_SSHOR13\Competitions_TT_team\venv\Lib\site-packages\peewee.py", line 3358, in execute
    return self.execute_sql(sql, params)
           ^^^^^^^^^^^^^^^^^^^^^^^^^^^^^
  File "C:\Users\Alex_SSHOR13\Competitions_TT_team\venv\Lib\site-packages\peewee.py", line 3350, in execute_sql
    with __exception_wrapper__:
         ^^^^^^^^^^^^^^^^^^^^^
  File "C:\Users\Alex_SSHOR13\Competitions_TT_team\venv\Lib\site-packages\peewee.py", line 3121, in __exit__
    reraise(new_type, new_type(exc_value, *exc_args), traceback)
  File "C:\Users\Alex_SSHOR13\Competitions_TT_team\venv\Lib\site-packages\peewee.py", line 164, in reraise
    raise value.with_traceback(tb)
  File "C:\Users\Alex_SSHOR13\Competitions_TT_team\venv\Lib\site-packages\peewee.py", line 3352, in execute_sql
    cursor.execute(sql, params or ())
  File "C:\Users\Alex_SSHOR13\Competitions_TT_team\venv\Lib\site-packages\pymysql\cursors.py", line 153, in execute
    result = self._query(query)
             ^^^^^^^^^^^^^^^^^^
  File "C:\Users\Alex_SSHOR13\Competitions_TT_team\venv\Lib\site-packages\pymysql\cursors.py", line 322, in _query
    conn.query(q)
  File "C:\Users\Alex_SSHOR13\Competitions_TT_team\venv\Lib\site-packages\pymysql\connections.py", line 575, in query
    self._affected_rows = self._read_query_result(unbuffered=unbuffered)
                          ^^^^^^^^^^^^^^^^^^^^^^^^^^^^^^^^^^^^^^^^^^^^^^
  File "C:\Users\Alex_SSHOR13\Competitions_TT_team\venv\Lib\site-packages\pymysql\connections.py", line 826, in _read_query_result
    result.read()
  File "C:\Users\Alex_SSHOR13\Competitions_TT_team\venv\Lib\site-packages\pymysql\connections.py", line 1203, in read
    first_packet = self.connection._read_packet()
                   ^^^^^^^^^^^^^^^^^^^^^^^^^^^^^^
  File "C:\Users\Alex_SSHOR13\Competitions_TT_team\venv\Lib\site-packages\pymysql\connections.py", line 782, in _read_packet
    packet.raise_for_error()
  File "C:\Users\Alex_SSHOR13\Competitions_TT_team\venv\Lib\site-packages\pymysql\protocol.py", line 219, in raise_for_error
    err.raise_mysql_exception(self._data)
  File "C:\Users\Alex_SSHOR13\Competitions_TT_team\venv\Lib\site-packages\pymysql\err.py", line 150, in raise_mysql_exception
    raise errorclass(errno, errval)
peewee.OperationalError: (1054, "Unknown column 't1.id_pl1' in 'field list'")
