2026-04-13 14:15:10,768 - ERROR - Необработанное исключение: Choice_TeamDoesNotExist: <Model: Choice_Team> instance matching query does not exist:
SQL: SELECT `t1`.`id`, `t1`.`team_choice_id`, `t1`.`team_name`, `t1`.`team_region`, `t1`.`team_coach`, `t1`.`rank`, `t1`.`basic`, `t1`.`group`, `t1`.`posev_group`, `t1`.`mesto_group`, `t1`.`final`, `t1`.`posev_final`, `t1`.`mesto_final`, `t1`.`title_id` FROM `choice_teams` AS `t1` WHERE (`t1`.`id` = %s) LIMIT %s OFFSET %s
Params: [8, 1, 0]
2026-04-13 14:15:10,772 - ERROR - Трассировка стека:
Traceback (most recent call last):
  File "c:\Users\Alex\Competitions_TT_team\venv\Lib\site-packages\peewee.py", line 7297, in get
    return clone.execute(database)[0]
           ~~~~~~~~~~~~~~~~~~~~~~~^^^
  File "c:\Users\Alex\Competitions_TT_team\venv\Lib\site-packages\peewee.py", line 4583, in __getitem__
    return self.row_cache[item]
           ~~~~~~~~~~~~~~^^^^^^
IndexError: list index out of range

During handling of the above exception, another exception occurred:

Traceback (most recent call last):
  File "c:\Users\Alex\Competitions_TT_team\main.py", line 978, in choice
    posev_data = player_choice_in_setka(fin)
  File "c:\Users\Alex\Competitions_TT_team\main.py", line 21493, in player_choice_in_setka
    posev = choice_setka_automat(fin, flag, count_exit)
  File "c:\Users\Alex\Competitions_TT_team\main.py", line 11690, in choice_setka_automat
    team_name = Choice_Team.get(Choice_Team.id == team_id)
  File "c:\Users\Alex\Competitions_TT_team\venv\Lib\site-packages\peewee.py", line 6840, in get
    return sq.get()
           ~~~~~~^^
  File "c:\Users\Alex\Competitions_TT_team\venv\Lib\site-packages\peewee.py", line 7300, in get
    raise self.model.DoesNotExist('%s instance matching query does '
                                  'not exist:\nSQL: %s\nParams: %s' %
                                  (clone.model, sql, params))
models.Choice_TeamDoesNotExist: <Model: Choice_Team> instance matching query does not exist:
SQL: SELECT `t1`.`id`, `t1`.`team_choice_id`, `t1`.`team_name`, `t1`.`team_region`, `t1`.`team_coach`, `t1`.`rank`, `t1`.`basic`, `t1`.`group`, `t1`.`posev_group`, `t1`.`mesto_group`, `t1`.`final`, `t1`.`posev_final`, `t1`.`mesto_final`, `t1`.`title_id` FROM `choice_teams` AS `t1` WHERE (`t1`.`id` = %s) LIMIT %s OFFSET %s
Params: [8, 1, 0]
