2026-05-05 16:39:22,486 - ERROR - Необработанное исключение: IndexError: list assignment index out of range
2026-05-05 16:39:22,486 - ERROR - Трассировка стека:
Traceback (most recent call last):
  File "c:\Users\Alex\Competitions_TT_team\manual_choice.py", line 960, in swap_athletes
    self.groups[g1][row1], self.groups[g2][row2] = athlete2, athlete1
    ~~~~~~~~~~~~~~~^^^^^^
IndexError: list assignment index out of range
2026-05-05 16:45:59,146 - ERROR - Необработанное исключение: TypeError: 'NoneType' object is not iterable
2026-05-05 16:45:59,205 - ERROR - Трассировка стека:
Traceback (most recent call last):
  File "c:\Users\Alex\Competitions_TT_team\main.py", line 1029, in choice
    choice_gr_automat(check_flag)
    ~~~~~~~~~~~~~~~~~^^^^^^^^^^^^
  File "c:\Users\Alex\Competitions_TT_team\main.py", line 9985, in choice_gr_automat
    choice_save_manual_group(results)
    ~~~~~~~~~~~~~~~~~~~~~~~~^^^^^^^^^
  File "c:\Users\Alex\Competitions_TT_team\main.py", line 10005, in choice_save_manual_group
    for player in results:
                  ^^^^^^^
TypeError: 'NoneType' object is not iterable
