2026-04-18 21:28:04,541 - ERROR - Необработанное исключение: ValueError: 'Группы' is not in list
2026-04-18 21:28:04,541 - ERROR - Трассировка стека:
Traceback (most recent call last):
  File "c:\Users\Alex\Competitions_TT_team\main.py", line 1687, in open
    go_to()
    ~~~~~^^
  File "c:\Users\Alex\Competitions_TT_team\main.py", line 2592, in go_to
    tab_enabled(id_title)
    ~~~~~~~~~~~^^^^^^^^^^
  File "c:\Users\Alex\Competitions_TT_team\main.py", line 2364, in tab_enabled
    ind = tab_index.index(k)
ValueError: 'Группы' is not in list
2026-04-18 21:29:23,500 - ERROR - Необработанное исключение: ValueError: 'Группы' is not in list
2026-04-18 21:29:23,500 - ERROR - Трассировка стека:
Traceback (most recent call last):
  File "c:\Users\Alex\Competitions_TT_team\main.py", line 4328, in tool_page
    page()
    ~~~~^^
  File "c:\Users\Alex\Competitions_TT_team\main.py", line 4356, in page
    db_select_title()
    ~~~~~~~~~~~~~~~^^
  File "c:\Users\Alex\Competitions_TT_team\main.py", line 2655, in db_select_title
    tab_enabled(id_title)
    ~~~~~~~~~~~^^^^^^^^^^
  File "c:\Users\Alex\Competitions_TT_team\main.py", line 2364, in tab_enabled
    ind = tab_index.index(k)
ValueError: 'Группы' is not in list
