2026-04-15 10:24:34,880 - ERROR - Необработанное исключение: AttributeError: 'MainWindow' object has no attribute 'comboBox_filter_schedule_tour'
2026-04-15 10:24:34,881 - ERROR - Трассировка стека:
Traceback (most recent call last):
  File "c:\Users\Alex\Competitions_TT_team\main.py", line 24528, in load_combo_schedule_tours
    my_win.comboBox_filter_schedule_tour.clear()
    ^^^^^^^^^^^^^^^^^^^^^^^^^^^^^^^^^^^^
AttributeError: 'MainWindow' object has no attribute 'comboBox_filter_schedule_tour'
2026-04-15 10:24:39,422 - ERROR - Необработанное исключение: ValueError: Foreign keys must specify a `field`.
2026-04-15 10:24:39,423 - ERROR - Трассировка стека:
Traceback (most recent call last):
  File "c:\Users\Alex\Competitions_TT_team\main.py", line 25265, in proba
    migrate(migrator.add_column('game_lists', 'team_id', ForeignKeyField(Team, null=True))) # null=True допускает пустое значение
    ~~~~~~~^^^^^^^^^^^^^^^^^^^^^^^^^^^^^^^^^^^^^^^^^^^^^^^^^^^^^^^^^^^^^^^^^^^^^^^^^^^^^^^^
  File "C:\Users\Alex\Competitions_TT_team\venv\Lib\site-packages\playhouse\migrate.py", line 947, in migrate
    operation.run()
    ~~~~~~~~~~~~~^^
  File "C:\Users\Alex\Competitions_TT_team\venv\Lib\site-packages\playhouse\migrate.py", line 162, in run
    self._handle_result(method(*self.args, **kwargs))
                        ~~~~~~^^^^^^^^^^^^^^^^^^^^^^
  File "C:\Users\Alex\Competitions_TT_team\venv\Lib\site-packages\playhouse\migrate.py", line 170, in inner
    return fn(self, *args, **kwargs)
  File "C:\Users\Alex\Competitions_TT_team\venv\Lib\site-packages\playhouse\migrate.py", line 324, in add_column
    raise ValueError('Foreign keys must specify a `field`.')
ValueError: Foreign keys must specify a `field`.
